(0000) 3000  0011000000000000 (   5)                 .ORIG x3000
(3000) 2005  0010000000000101 (   6)                 LD    R0 ADDRESS
(3001) 2A05  0010101000000101 (   7)                 LD    R5 COUNT
(3002) F022  1111000000100010 (   8) PRINT           TRAP  x22
(3003) 1B7F  0001101101111111 (   9)                 ADD   R5 R5 #-1
(3004) 03FD  0000001111111101 (  10)                 BRP   PRINT
(3005) F025  1111000000100101 (  11)                 TRAP  x25
(3006) 3008  0011000000001000 (  12) ADDRESS         .FILL x3008
(3007) 0005  0000000000000101 (  13) COUNT           .FILL x0005
(3008) 0048  0000000001001000 (  14) HELLO           .FILL x0048
(3009) 0065  0000000001100101 (  14)                 .FILL x0065
(300A) 006C  0000000001101100 (  14)                 .FILL x006C
(300B) 006C  0000000001101100 (  14)                 .FILL x006C
(300C) 006F  0000000001101111 (  14)                 .FILL x006F
(300D) 0020  0000000000100000 (  14)                 .FILL x0020
(300E) 0057  0000000001010111 (  14)                 .FILL x0057
(300F) 006F  0000000001101111 (  14)                 .FILL x006F
(3010) 0072  0000000001110010 (  14)                 .FILL x0072
(3011) 006C  0000000001101100 (  14)                 .FILL x006C
(3012) 0064  0000000001100100 (  14)                 .FILL x0064
(3013) 002C  0000000000101100 (  14)                 .FILL x002C
(3014) 0020  0000000000100000 (  14)                 .FILL x0020
(3015) 0074  0000000001110100 (  14)                 .FILL x0074
(3016) 0068  0000000001101000 (  14)                 .FILL x0068
(3017) 0069  0000000001101001 (  14)                 .FILL x0069
(3018) 0073  0000000001110011 (  14)                 .FILL x0073
(3019) 0020  0000000000100000 (  14)                 .FILL x0020
(301A) 0069  0000000001101001 (  14)                 .FILL x0069
(301B) 0073  0000000001110011 (  14)                 .FILL x0073
(301C) 0020  0000000000100000 (  14)                 .FILL x0020
(301D) 004F  0000000001001111 (  14)                 .FILL x004F
(301E) 006C  0000000001101100 (  14)                 .FILL x006C
(301F) 0065  0000000001100101 (  14)                 .FILL x0065
(3020) 0078  0000000001111000 (  14)                 .FILL x0078
(3021) 0069  0000000001101001 (  14)                 .FILL x0069
(3022) 0079  0000000001111001 (  14)                 .FILL x0079
(3023) 0020  0000000000100000 (  14)                 .FILL x0020
(3024) 0042  0000000001000010 (  14)                 .FILL x0042
(3025) 0075  0000000001110101 (  14)                 .FILL x0075
(3026) 0072  0000000001110010 (  14)                 .FILL x0072
(3027) 006F  0000000001101111 (  14)                 .FILL x006F
(3028) 0076  0000000001110110 (  14)                 .FILL x0076
(3029) 000A  0000000000001010 (  14)                 .FILL x000A
(302A) 0000  0000000000000000 (  14)                 .FILL x0000
