(0000) 3000  0011000000000000 (   1)                 .ORIG x3000
(3000) 0E72  0000111001110010 (   2)                 BRNZP START
(3001) 000A  0000000000001010 (   3) ExitMessage     .FILL x000A
(3002) 0045  0000000001000101 (   3)                 .FILL x0045
(3003) 0078  0000000001111000 (   3)                 .FILL x0078
(3004) 0069  0000000001101001 (   3)                 .FILL x0069
(3005) 0074  0000000001110100 (   3)                 .FILL x0074
(3006) 0069  0000000001101001 (   3)                 .FILL x0069
(3007) 006E  0000000001101110 (   3)                 .FILL x006E
(3008) 0067  0000000001100111 (   3)                 .FILL x0067
(3009) 0020  0000000000100000 (   3)                 .FILL x0020
(300A) 0074  0000000001110100 (   3)                 .FILL x0074
(300B) 0068  0000000001101000 (   3)                 .FILL x0068
(300C) 0065  0000000001100101 (   3)                 .FILL x0065
(300D) 0020  0000000000100000 (   3)                 .FILL x0020
(300E) 0070  0000000001110000 (   3)                 .FILL x0070
(300F) 0072  0000000001110010 (   3)                 .FILL x0072
(3010) 006F  0000000001101111 (   3)                 .FILL x006F
(3011) 0067  0000000001100111 (   3)                 .FILL x0067
(3012) 0072  0000000001110010 (   3)                 .FILL x0072
(3013) 0061  0000000001100001 (   3)                 .FILL x0061
(3014) 006D  0000000001101101 (   3)                 .FILL x006D
(3015) 002E  0000000000101110 (   3)                 .FILL x002E
(3016) 002E  0000000000101110 (   3)                 .FILL x002E
(3017) 002E  0000000000101110 (   3)                 .FILL x002E
(3018) 0000  0000000000000000 (   3)                 .FILL x0000
(3019) 0048  0000000001001000 (   4) Greating        .FILL x0048
(301A) 0065  0000000001100101 (   4)                 .FILL x0065
(301B) 006C  0000000001101100 (   4)                 .FILL x006C
(301C) 006C  0000000001101100 (   4)                 .FILL x006C
(301D) 006F  0000000001101111 (   4)                 .FILL x006F
(301E) 0020  0000000000100000 (   4)                 .FILL x0020
(301F) 0041  0000000001000001 (   4)                 .FILL x0041
(3020) 006E  0000000001101110 (   4)                 .FILL x006E
(3021) 0064  0000000001100100 (   4)                 .FILL x0064
(3022) 0020  0000000000100000 (   4)                 .FILL x0020
(3023) 0057  0000000001010111 (   4)                 .FILL x0057
(3024) 0065  0000000001100101 (   4)                 .FILL x0065
(3025) 006C  0000000001101100 (   4)                 .FILL x006C
(3026) 0063  0000000001100011 (   4)                 .FILL x0063
(3027) 006F  0000000001101111 (   4)                 .FILL x006F
(3028) 006D  0000000001101101 (   4)                 .FILL x006D
(3029) 0065  0000000001100101 (   4)                 .FILL x0065
(302A) 0020  0000000000100000 (   4)                 .FILL x0020
(302B) 0054  0000000001010100 (   4)                 .FILL x0054
(302C) 006F  0000000001101111 (   4)                 .FILL x006F
(302D) 0020  0000000000100000 (   4)                 .FILL x0020
(302E) 0054  0000000001010100 (   4)                 .FILL x0054
(302F) 0068  0000000001101000 (   4)                 .FILL x0068
(3030) 0065  0000000001100101 (   4)                 .FILL x0065
(3031) 0020  0000000000100000 (   4)                 .FILL x0020
(3032) 0053  0000000001010011 (   4)                 .FILL x0053
(3033) 0068  0000000001101000 (   4)                 .FILL x0068
(3034) 0069  0000000001101001 (   4)                 .FILL x0069
(3035) 0066  0000000001100110 (   4)                 .FILL x0066
(3036) 0074  0000000001110100 (   4)                 .FILL x0074
(3037) 0065  0000000001100101 (   4)                 .FILL x0065
(3038) 0072  0000000001110010 (   4)                 .FILL x0072
(3039) 0020  0000000000100000 (   4)                 .FILL x0020
(303A) 0050  0000000001010000 (   4)                 .FILL x0050
(303B) 0072  0000000001110010 (   4)                 .FILL x0072
(303C) 006F  0000000001101111 (   4)                 .FILL x006F
(303D) 0067  0000000001100111 (   4)                 .FILL x0067
(303E) 0072  0000000001110010 (   4)                 .FILL x0072
(303F) 0061  0000000001100001 (   4)                 .FILL x0061
(3040) 006D  0000000001101101 (   4)                 .FILL x006D
(3041) 006D  0000000001101101 (   4)                 .FILL x006D
(3042) 0021  0000000000100001 (   4)                 .FILL x0021
(3043) 0000  0000000000000000 (   4)                 .FILL x0000
(3044) 000A  0000000000001010 (   5) Prop            .FILL x000A
(3045) 0045  0000000001000101 (   5)                 .FILL x0045
(3046) 006E  0000000001101110 (   5)                 .FILL x006E
(3047) 0074  0000000001110100 (   5)                 .FILL x0074
(3048) 0065  0000000001100101 (   5)                 .FILL x0065
(3049) 0072  0000000001110010 (   5)                 .FILL x0072
(304A) 0020  0000000000100000 (   5)                 .FILL x0020
(304B) 0061  0000000001100001 (   5)                 .FILL x0061
(304C) 0020  0000000000100000 (   5)                 .FILL x0020
(304D) 0064  0000000001100100 (   5)                 .FILL x0064
(304E) 0065  0000000001100101 (   5)                 .FILL x0065
(304F) 0063  0000000001100011 (   5)                 .FILL x0063
(3050) 0069  0000000001101001 (   5)                 .FILL x0069
(3051) 006D  0000000001101101 (   5)                 .FILL x006D
(3052) 0061  0000000001100001 (   5)                 .FILL x0061
(3053) 006C  0000000001101100 (   5)                 .FILL x006C
(3054) 0020  0000000000100000 (   5)                 .FILL x0020
(3055) 006E  0000000001101110 (   5)                 .FILL x006E
(3056) 0075  0000000001110101 (   5)                 .FILL x0075
(3057) 006D  0000000001101101 (   5)                 .FILL x006D
(3058) 0062  0000000001100010 (   5)                 .FILL x0062
(3059) 0065  0000000001100101 (   5)                 .FILL x0065
(305A) 0072  0000000001110010 (   5)                 .FILL x0072
(305B) 0020  0000000000100000 (   5)                 .FILL x0020
(305C) 006F  0000000001101111 (   5)                 .FILL x006F
(305D) 0072  0000000001110010 (   5)                 .FILL x0072
(305E) 0020  0000000000100000 (   5)                 .FILL x0020
(305F) 0070  0000000001110000 (   5)                 .FILL x0070
(3060) 0072  0000000001110010 (   5)                 .FILL x0072
(3061) 0065  0000000001100101 (   5)                 .FILL x0065
(3062) 0073  0000000001110011 (   5)                 .FILL x0073
(3063) 0073  0000000001110011 (   5)                 .FILL x0073
(3064) 0020  0000000000100000 (   5)                 .FILL x0020
(3065) 0058  0000000001011000 (   5)                 .FILL x0058
(3066) 0020  0000000000100000 (   5)                 .FILL x0020
(3067) 0074  0000000001110100 (   5)                 .FILL x0074
(3068) 006F  0000000001101111 (   5)                 .FILL x006F
(3069) 0020  0000000000100000 (   5)                 .FILL x0020
(306A) 0071  0000000001110001 (   5)                 .FILL x0071
(306B) 0075  0000000001110101 (   5)                 .FILL x0075
(306C) 0069  0000000001101001 (   5)                 .FILL x0069
(306D) 0074  0000000001110100 (   5)                 .FILL x0074
(306E) 003A  0000000000111010 (   5)                 .FILL x003A
(306F) 000A  0000000000001010 (   5)                 .FILL x000A
(3070) 003E  0000000000111110 (   5)                 .FILL x003E
(3071) 0020  0000000000100000 (   5)                 .FILL x0020
(3072) 0000  0000000000000000 (   5)                 .FILL x0000
(3073) 2028  0010000000101000 (   9) START           LD    R0 GreatingAddress
(3074) F022  1111000000100010 (  10)                 TRAP  x22
(3075) 4855  0100100001010101 (  11) PropForNumber   JSR   ClearAllReg
(3076) 2026  0010000000100110 (  15)                 LD    R0 PropAddress
(3077) F022  1111000000100010 (  16)                 TRAP  x22
(3078) F020  1111000000100000 (  17) ReadAgain       TRAP  x20
(3079) F021  1111000000100001 (  18)                 TRAP  x21
(307A) 221A  0010001000011010 (  22)                 LD    R1 ASKIIX
(307B) 1240  0001001001000000 (  23)                 ADD   R1 R1 R0
(307C) 0A03  0000101000000011 (  24)                 BRNP  CheckMinus
(307D) 2021  0010000000100001 (  25)                 LD    R0 ExitMessageAdd
(307E) F022  1111000000100010 (  26)                 TRAP  x22
(307F) F025  1111000000100101 (  27)                 TRAP  x25
(3080) 2215  0010001000010101 (  31) CheckMinus      LD    R1 ASKIIMINUS
(3081) 1240  0001001001000000 (  32)                 ADD   R1 R1 R0
(3082) 0A02  0000101000000010 (  33)                 BRNP  CheckNewLine
(3083) 4854  0100100001010100 (  34)                 JSR   SetNegativeFlag
(3084) 0FF3  0000111111110011 (  35)                 BRNZP ReadAgain
(3085) 220E  0010001000001110 (  39) CheckNewLine    LD    R1 NewLineComp
(3086) 1240  0001001001000000 (  40)                 ADD   R1 R1 R0
(3087) 0402  0000010000000010 (  41)                 BRZ   CheckNegative
(3088) 4838  0100100000111000 (  45) Read            JSR   ReadDigit
(3089) 0FEE  0000111111101110 (  46)                 BRNZP ReadAgain
(308A) 2C0E  0010110000001110 (  50) CheckNegative   LD    R6 NegativeFlag
(308B) 0C01  0000110000000001 (  51)                 BRNZ  PrintBinary
(308C) 4846  0100100001000110 (  52)                 JSR   Invert
(308D) 2010  0010000000010000 (  56) PrintBinary     LD    R0 BinResAddress
(308E) F022  1111000000100010 (  57)                 TRAP  x22
(308F) 1CE0  0001110011100000 (  58)                 ADD   R6 R3 #0
(3090) 4868  0100100001101000 (  59)                 JSR   ShiftR6Right
(3091) 4855  0100100001010101 (  60)                 JSR   PrintR6Binary
(3092) F025  1111000000100101 (  61) Finish          TRAP  x25
(3093) 8000  1000000000000000 (  65) BinaryMask      .FILL x8000
(3094) FFF6  1111111111110110 (  69) NewLineComp     .FILL xFFF6
(3095) FFA8  1111111110101000 (  70) ASKIIX          .FILL xFFA8
(3096) FFD3  1111111111010011 (  71) ASKIIMINUS      .FILL xFFD3
(3097) 0030  0000000000110000 (  72) ASKIIZero       .FILL x0030
(3098) FFD0  1111111111010000 (  73) ASKIIZeroComp   .FILL xFFD0
(3099) 0000  0000000000000000 (  74) NegativeFlag    .FILL x0000
(309A) 0000  0000000000000000 (  75) RegisterSeven   .FILL x0000
(309B) 0000  0000000000000000 (  76) PrintR6Register7Save .FILL x0000
(309C) 3019  0011000000011001 (  80) GreatingAddress .FILL x3019
(309D) 3044  0011000001000100 (  81) PropAddress     .FILL x3044
(309E) 30A0  0011000010100000 (  82) BinResAddress   .FILL x30A0
(309F) 3001  0011000000000001 (  83) ExitMessageAdd  .FILL x3001
(30A0) 000A  0000000000001010 (  87) BinaryResult    .FILL x000A
(30A1) 0048  0000000001001000 (  87)                 .FILL x0048
(30A2) 0065  0000000001100101 (  87)                 .FILL x0065
(30A3) 0072  0000000001110010 (  87)                 .FILL x0072
(30A4) 0065  0000000001100101 (  87)                 .FILL x0065
(30A5) 0020  0000000000100000 (  87)                 .FILL x0020
(30A6) 0069  0000000001101001 (  87)                 .FILL x0069
(30A7) 0073  0000000001110011 (  87)                 .FILL x0073
(30A8) 0020  0000000000100000 (  87)                 .FILL x0020
(30A9) 0079  0000000001111001 (  87)                 .FILL x0079
(30AA) 006F  0000000001101111 (  87)                 .FILL x006F
(30AB) 0075  0000000001110101 (  87)                 .FILL x0075
(30AC) 0072  0000000001110010 (  87)                 .FILL x0072
(30AD) 0020  0000000000100000 (  87)                 .FILL x0020
(30AE) 006E  0000000001101110 (  87)                 .FILL x006E
(30AF) 0075  0000000001110101 (  87)                 .FILL x0075
(30B0) 006D  0000000001101101 (  87)                 .FILL x006D
(30B1) 0062  0000000001100010 (  87)                 .FILL x0062
(30B2) 0065  0000000001100101 (  87)                 .FILL x0065
(30B3) 0072  0000000001110010 (  87)                 .FILL x0072
(30B4) 0020  0000000000100000 (  87)                 .FILL x0020
(30B5) 0069  0000000001101001 (  87)                 .FILL x0069
(30B6) 006E  0000000001101110 (  87)                 .FILL x006E
(30B7) 0020  0000000000100000 (  87)                 .FILL x0020
(30B8) 0062  0000000001100010 (  87)                 .FILL x0062
(30B9) 0069  0000000001101001 (  87)                 .FILL x0069
(30BA) 006E  0000000001101110 (  87)                 .FILL x006E
(30BB) 0061  0000000001100001 (  87)                 .FILL x0061
(30BC) 0072  0000000001110010 (  87)                 .FILL x0072
(30BD) 0079  0000000001111001 (  87)                 .FILL x0079
(30BE) 003A  0000000000111010 (  87)                 .FILL x003A
(30BF) 000A  0000000000001010 (  87)                 .FILL x000A
(30C0) 0000  0000000000000000 (  87)                 .FILL x0000
(30C1) 54A0  0101010010100000 (  95) ReadDigit       AND   R2 R2 #0
(30C2) 14A9  0001010010101001 (  96)                 ADD   R2 R2 #9
(30C3) 12E0  0001001011100000 (  97)                 ADD   R1 R3 #0
(30C4) 16C1  0001011011000001 (  98) Multiply        ADD   R3 R3 R1
(30C5) 14BF  0001010010111111 (  99)                 ADD   R2 R2 #-1
(30C6) 03FD  0000001111111101 ( 100)                 BRP   Multiply
(30C7) 23D0  0010001111010000 ( 101)                 LD    R1 ASKIIZeroComp
(30C8) 1001  0001000000000001 ( 102)                 ADD   R0 R0 R1
(30C9) 16C0  0001011011000000 ( 103)                 ADD   R3 R3 R0
(30CA) C1C0  1100000111000000 ( 104)                 RET   
(30CB) 5020  0101000000100000 ( 108) ClearAllReg     AND   R0 R0 #0
(30CC) 5260  0101001001100000 ( 109)                 AND   R1 R1 #0
(30CD) 54A0  0101010010100000 ( 110)                 AND   R2 R2 #0
(30CE) 56E0  0101011011100000 ( 111)                 AND   R3 R3 #0
(30CF) 5920  0101100100100000 ( 112)                 AND   R4 R4 #0
(30D0) 5B60  0101101101100000 ( 113)                 AND   R5 R5 #0
(30D1) 5DA0  0101110110100000 ( 114)                 AND   R6 R6 #0
(30D2) C1C0  1100000111000000 ( 115)                 RET   
(30D3) 96FF  1001011011111111 ( 119) Invert          NOT   R3 R3
(30D4) 16E1  0001011011100001 ( 120)                 ADD   R3 R3 #1
(30D5) 5DA0  0101110110100000 ( 121)                 AND   R6 R6 #0
(30D6) 3DC2  0011110111000010 ( 122)                 ST    R6 NegativeFlag
(30D7) C1C0  1100000111000000 ( 123)                 RET   
(30D8) 5DA0  0101110110100000 ( 127) SetNegativeFlag AND   R6 R6 #0
(30D9) 1DA1  0001110110100001 ( 128)                 ADD   R6 R6 #1
(30DA) 3DBE  0011110110111110 ( 129)                 ST    R6 NegativeFlag
(30DB) C1C0  1100000111000000 ( 130)                 RET   
(30DC) 3FBD  0011111110111101 ( 134) PrintOne        ST    R7 RegisterSeven
(30DD) 21B9  0010000110111001 ( 135)                 LD    R0 ASKIIZero
(30DE) 1021  0001000000100001 ( 136)                 ADD   R0 R0 #1
(30DF) F021  1111000000100001 ( 137)                 TRAP  x21
(30E0) 2FB9  0010111110111001 ( 138)                 LD    R7 RegisterSeven
(30E1) C1C0  1100000111000000 ( 139)                 RET   
(30E2) 3FB7  0011111110110111 ( 143) PrintZero       ST    R7 RegisterSeven
(30E3) 21B3  0010000110110011 ( 144)                 LD    R0 ASKIIZero
(30E4) F021  1111000000100001 ( 145)                 TRAP  x21
(30E5) 2FB4  0010111110110100 ( 146)                 LD    R7 RegisterSeven
(30E6) C1C0  1100000111000000 ( 147)                 RET   
(30E7) 3FB3  0011111110110011 ( 151) PrintR6Binary   ST    R7 PrintR6Register7Save
(30E8) 23AA  0010001110101010 ( 152)                 LD    R1 BinaryMask
(30E9) 5581  0101010110000001 ( 153)                 AND   R2 R6 R1
(30EA) 0A01  0000101000000001 ( 154)                 BRNP  One
(30EB) 0402  0000010000000010 ( 155)                 BRZ   Zero
(30EC) 4FEF  0100111111101111 ( 159) One             JSR   PrintOne
(30ED) 0E01  0000111000000001 ( 160)                 BRNZP ShiftMask
(30EE) 4FF3  0100111111110011 ( 164) Zero            JSR   PrintZero
(30EF) 1A7F  0001101001111111 ( 168) ShiftMask       ADD   R5 R1 #-1
(30F0) 0404  0000010000000100 ( 169)                 BRZ   Done
(30F1) 481D  0100100000011101 ( 170)                 JSR   Divide
(30F2) 5581  0101010110000001 ( 171)                 AND   R2 R6 R1
(30F3) 05FA  0000010111111010 ( 172)                 BRZ   Zero
(30F4) 0BF7  0000101111110111 ( 173)                 BRNP  One
(30F5) 2FA5  0010111110100101 ( 174) Done            LD    R7 PrintR6Register7Save
(30F6) C1C0  1100000111000000 ( 175)                 RET   
(30F7) 1D86  0001110110000110 ( 179) ShiftR6Left     ADD   R6 R6 R6
(30F8) C1C0  1100000111000000 ( 180)                 RET   
(30F9) 5260  0101001001100000 ( 184) ShiftR6Right    AND   R1 R1 #0
(30FA) 126F  0001001001101111 ( 185)                 ADD   R1 R1 #15
(30FB) 1DA0  0001110110100000 ( 186) LOOP            ADD   R6 R6 #0
(30FC) 0801  0000100000000001 ( 187)                 BRN   NEG
(30FD) 0205  0000001000000101 ( 188)                 BRP   POS
(30FE) 1D86  0001110110000110 ( 189) NEG             ADD   R6 R6 R6
(30FF) 1DA1  0001110110100001 ( 190)                 ADD   R6 R6 #1
(3100) 127F  0001001001111111 ( 191)                 ADD   R1 R1 #-1
(3101) 0C05  0000110000000101 ( 192)                 BRNZ  DONE
(3102) 0FF8  0000111111111000 ( 193)                 BRNZP LOOP
(3103) 1D86  0001110110000110 ( 194) POS             ADD   R6 R6 R6
(3104) 127F  0001001001111111 ( 195)                 ADD   R1 R1 #-1
(3105) 0C01  0000110000000001 ( 196)                 BRNZ  DONE
(3106) 0FF4  0000111111110100 ( 197)                 BRNZP LOOP
(3107) 2206  0010001000000110 ( 198) DONE            LD    R1 MASK
(3108) 5D81  0101110110000001 ( 199)                 AND   R6 R6 R1
(3109) 238F  0010001110001111 ( 200)                 LD    R1 NegativeFlag
(310A) 0402  0000010000000010 ( 201)                 BRZ   FinishRightShift
(310B) 2387  0010001110000111 ( 202) NegativeOffset  LD    R1 BinaryMask
(310C) 1D81  0001110110000001 ( 203)                 ADD   R6 R6 R1
(310D) C1C0  1100000111000000 ( 204) FinishRightShift RET   
(310E) 7FFF  0111111111111111 ( 205) MASK            .FILL x7FFF
(310F) 5920  0101100100100000 ( 209) Divide          AND   R4 R4 #0
(3110) 1921  0001100100100001 ( 210) AGAIN           ADD   R4 R4 #1
(3111) 127E  0001001001111110 ( 211)                 ADD   R1 R1 #-2
(3112) 03FD  0000001111111101 ( 212)                 BRP   AGAIN
(3113) 1261  0001001001100001 ( 213)                 ADD   R1 R1 #1
(3114) 0801  0000100000000001 ( 214)                 BRN   AGAINN
(3115) 0602  0000011000000010 ( 215)                 BRZP  RETURN
(3116) 127F  0001001001111111 ( 216) AGAINN          ADD   R1 R1 #-1
(3117) 0FF8  0000111111111000 ( 217)                 BRNZP AGAIN
(3118) 127F  0001001001111111 ( 218) RETURN          ADD   R1 R1 #-1
(3119) 1320  0001001100100000 ( 219)                 ADD   R1 R4 #0
(311A) C1C0  1100000111000000 ( 220)                 RET   
