(0000) 3000  0011000000000000 (   1)                 .ORIG x3000
(3000) 2001  0010000000000001 (   2)                 LD    R0 StartAddress
(3001) C000  1100000000000000 (   3)                 JMP   R0
(3002) 3189  0011000110001001 (   7) StartAddress    .FILL x3189
(3003) 000A  0000000000001010 (   8) ExitMessage     .FILL x000A
(3004) 0045  0000000001000101 (   8)                 .FILL x0045
(3005) 0078  0000000001111000 (   8)                 .FILL x0078
(3006) 0069  0000000001101001 (   8)                 .FILL x0069
(3007) 0074  0000000001110100 (   8)                 .FILL x0074
(3008) 0069  0000000001101001 (   8)                 .FILL x0069
(3009) 006E  0000000001101110 (   8)                 .FILL x006E
(300A) 0067  0000000001100111 (   8)                 .FILL x0067
(300B) 0020  0000000000100000 (   8)                 .FILL x0020
(300C) 0074  0000000001110100 (   8)                 .FILL x0074
(300D) 0068  0000000001101000 (   8)                 .FILL x0068
(300E) 0065  0000000001100101 (   8)                 .FILL x0065
(300F) 0020  0000000000100000 (   8)                 .FILL x0020
(3010) 0070  0000000001110000 (   8)                 .FILL x0070
(3011) 0072  0000000001110010 (   8)                 .FILL x0072
(3012) 006F  0000000001101111 (   8)                 .FILL x006F
(3013) 0067  0000000001100111 (   8)                 .FILL x0067
(3014) 0072  0000000001110010 (   8)                 .FILL x0072
(3015) 0061  0000000001100001 (   8)                 .FILL x0061
(3016) 006D  0000000001101101 (   8)                 .FILL x006D
(3017) 002E  0000000000101110 (   8)                 .FILL x002E
(3018) 002E  0000000000101110 (   8)                 .FILL x002E
(3019) 002E  0000000000101110 (   8)                 .FILL x002E
(301A) 0000  0000000000000000 (   8)                 .FILL x0000
(301B) 0048  0000000001001000 (   9) Greating        .FILL x0048
(301C) 0065  0000000001100101 (   9)                 .FILL x0065
(301D) 006C  0000000001101100 (   9)                 .FILL x006C
(301E) 006C  0000000001101100 (   9)                 .FILL x006C
(301F) 006F  0000000001101111 (   9)                 .FILL x006F
(3020) 0020  0000000000100000 (   9)                 .FILL x0020
(3021) 0041  0000000001000001 (   9)                 .FILL x0041
(3022) 006E  0000000001101110 (   9)                 .FILL x006E
(3023) 0064  0000000001100100 (   9)                 .FILL x0064
(3024) 0020  0000000000100000 (   9)                 .FILL x0020
(3025) 0057  0000000001010111 (   9)                 .FILL x0057
(3026) 0065  0000000001100101 (   9)                 .FILL x0065
(3027) 006C  0000000001101100 (   9)                 .FILL x006C
(3028) 0063  0000000001100011 (   9)                 .FILL x0063
(3029) 006F  0000000001101111 (   9)                 .FILL x006F
(302A) 006D  0000000001101101 (   9)                 .FILL x006D
(302B) 0065  0000000001100101 (   9)                 .FILL x0065
(302C) 0020  0000000000100000 (   9)                 .FILL x0020
(302D) 0054  0000000001010100 (   9)                 .FILL x0054
(302E) 006F  0000000001101111 (   9)                 .FILL x006F
(302F) 0020  0000000000100000 (   9)                 .FILL x0020
(3030) 0054  0000000001010100 (   9)                 .FILL x0054
(3031) 0068  0000000001101000 (   9)                 .FILL x0068
(3032) 0065  0000000001100101 (   9)                 .FILL x0065
(3033) 0020  0000000000100000 (   9)                 .FILL x0020
(3034) 0053  0000000001010011 (   9)                 .FILL x0053
(3035) 0068  0000000001101000 (   9)                 .FILL x0068
(3036) 0069  0000000001101001 (   9)                 .FILL x0069
(3037) 0066  0000000001100110 (   9)                 .FILL x0066
(3038) 0074  0000000001110100 (   9)                 .FILL x0074
(3039) 0065  0000000001100101 (   9)                 .FILL x0065
(303A) 0072  0000000001110010 (   9)                 .FILL x0072
(303B) 0020  0000000000100000 (   9)                 .FILL x0020
(303C) 0050  0000000001010000 (   9)                 .FILL x0050
(303D) 0072  0000000001110010 (   9)                 .FILL x0072
(303E) 006F  0000000001101111 (   9)                 .FILL x006F
(303F) 0067  0000000001100111 (   9)                 .FILL x0067
(3040) 0072  0000000001110010 (   9)                 .FILL x0072
(3041) 0061  0000000001100001 (   9)                 .FILL x0061
(3042) 006D  0000000001101101 (   9)                 .FILL x006D
(3043) 006D  0000000001101101 (   9)                 .FILL x006D
(3044) 0021  0000000000100001 (   9)                 .FILL x0021
(3045) 0000  0000000000000000 (   9)                 .FILL x0000
(3046) 000A  0000000000001010 (  10) Prop            .FILL x000A
(3047) 0045  0000000001000101 (  10)                 .FILL x0045
(3048) 006E  0000000001101110 (  10)                 .FILL x006E
(3049) 0074  0000000001110100 (  10)                 .FILL x0074
(304A) 0065  0000000001100101 (  10)                 .FILL x0065
(304B) 0072  0000000001110010 (  10)                 .FILL x0072
(304C) 0020  0000000000100000 (  10)                 .FILL x0020
(304D) 0061  0000000001100001 (  10)                 .FILL x0061
(304E) 0020  0000000000100000 (  10)                 .FILL x0020
(304F) 0064  0000000001100100 (  10)                 .FILL x0064
(3050) 0065  0000000001100101 (  10)                 .FILL x0065
(3051) 0063  0000000001100011 (  10)                 .FILL x0063
(3052) 0069  0000000001101001 (  10)                 .FILL x0069
(3053) 006D  0000000001101101 (  10)                 .FILL x006D
(3054) 0061  0000000001100001 (  10)                 .FILL x0061
(3055) 006C  0000000001101100 (  10)                 .FILL x006C
(3056) 0020  0000000000100000 (  10)                 .FILL x0020
(3057) 006E  0000000001101110 (  10)                 .FILL x006E
(3058) 0075  0000000001110101 (  10)                 .FILL x0075
(3059) 006D  0000000001101101 (  10)                 .FILL x006D
(305A) 0062  0000000001100010 (  10)                 .FILL x0062
(305B) 0065  0000000001100101 (  10)                 .FILL x0065
(305C) 0072  0000000001110010 (  10)                 .FILL x0072
(305D) 0020  0000000000100000 (  10)                 .FILL x0020
(305E) 006F  0000000001101111 (  10)                 .FILL x006F
(305F) 0072  0000000001110010 (  10)                 .FILL x0072
(3060) 0020  0000000000100000 (  10)                 .FILL x0020
(3061) 0070  0000000001110000 (  10)                 .FILL x0070
(3062) 0072  0000000001110010 (  10)                 .FILL x0072
(3063) 0065  0000000001100101 (  10)                 .FILL x0065
(3064) 0073  0000000001110011 (  10)                 .FILL x0073
(3065) 0073  0000000001110011 (  10)                 .FILL x0073
(3066) 0020  0000000000100000 (  10)                 .FILL x0020
(3067) 0058  0000000001011000 (  10)                 .FILL x0058
(3068) 0020  0000000000100000 (  10)                 .FILL x0020
(3069) 0074  0000000001110100 (  10)                 .FILL x0074
(306A) 006F  0000000001101111 (  10)                 .FILL x006F
(306B) 0020  0000000000100000 (  10)                 .FILL x0020
(306C) 0071  0000000001110001 (  10)                 .FILL x0071
(306D) 0075  0000000001110101 (  10)                 .FILL x0075
(306E) 0069  0000000001101001 (  10)                 .FILL x0069
(306F) 0074  0000000001110100 (  10)                 .FILL x0074
(3070) 003A  0000000000111010 (  10)                 .FILL x003A
(3071) 000A  0000000000001010 (  10)                 .FILL x000A
(3072) 003E  0000000000111110 (  10)                 .FILL x003E
(3073) 0020  0000000000100000 (  10)                 .FILL x0020
(3074) 0000  0000000000000000 (  10)                 .FILL x0000
(3075) 000A  0000000000001010 (  11) Shift           .FILL x000A
(3076) 0045  0000000001000101 (  11)                 .FILL x0045
(3077) 006E  0000000001101110 (  11)                 .FILL x006E
(3078) 0074  0000000001110100 (  11)                 .FILL x0074
(3079) 0065  0000000001100101 (  11)                 .FILL x0065
(307A) 0072  0000000001110010 (  11)                 .FILL x0072
(307B) 0020  0000000000100000 (  11)                 .FILL x0020
(307C) 0061  0000000001100001 (  11)                 .FILL x0061
(307D) 0020  0000000000100000 (  11)                 .FILL x0020
(307E) 006E  0000000001101110 (  11)                 .FILL x006E
(307F) 0075  0000000001110101 (  11)                 .FILL x0075
(3080) 006D  0000000001101101 (  11)                 .FILL x006D
(3081) 0062  0000000001100010 (  11)                 .FILL x0062
(3082) 0065  0000000001100101 (  11)                 .FILL x0065
(3083) 0072  0000000001110010 (  11)                 .FILL x0072
(3084) 0020  0000000000100000 (  11)                 .FILL x0020
(3085) 0074  0000000001110100 (  11)                 .FILL x0074
(3086) 006F  0000000001101111 (  11)                 .FILL x006F
(3087) 0020  0000000000100000 (  11)                 .FILL x0020
(3088) 0073  0000000001110011 (  11)                 .FILL x0073
(3089) 0068  0000000001101000 (  11)                 .FILL x0068
(308A) 0069  0000000001101001 (  11)                 .FILL x0069
(308B) 0066  0000000001100110 (  11)                 .FILL x0066
(308C) 0074  0000000001110100 (  11)                 .FILL x0074
(308D) 0020  0000000000100000 (  11)                 .FILL x0020
(308E) 0062  0000000001100010 (  11)                 .FILL x0062
(308F) 0079  0000000001111001 (  11)                 .FILL x0079
(3090) 0020  0000000000100000 (  11)                 .FILL x0020
(3091) 0069  0000000001101001 (  11)                 .FILL x0069
(3092) 006E  0000000001101110 (  11)                 .FILL x006E
(3093) 0020  0000000000100000 (  11)                 .FILL x0020
(3094) 0074  0000000001110100 (  11)                 .FILL x0074
(3095) 0068  0000000001101000 (  11)                 .FILL x0068
(3096) 0065  0000000001100101 (  11)                 .FILL x0065
(3097) 0020  0000000000100000 (  11)                 .FILL x0020
(3098) 0072  0000000001110010 (  11)                 .FILL x0072
(3099) 0061  0000000001100001 (  11)                 .FILL x0061
(309A) 006E  0000000001101110 (  11)                 .FILL x006E
(309B) 0067  0000000001100111 (  11)                 .FILL x0067
(309C) 0065  0000000001100101 (  11)                 .FILL x0065
(309D) 0020  0000000000100000 (  11)                 .FILL x0020
(309E) 0030  0000000000110000 (  11)                 .FILL x0030
(309F) 002D  0000000000101101 (  11)                 .FILL x002D
(30A0) 0031  0000000000110001 (  11)                 .FILL x0031
(30A1) 0035  0000000000110101 (  11)                 .FILL x0035
(30A2) 003A  0000000000111010 (  11)                 .FILL x003A
(30A3) 0020  0000000000100000 (  11)                 .FILL x0020
(30A4) 0000  0000000000000000 (  11)                 .FILL x0000
(30A5) 000A  0000000000001010 (  12) LeftShiftMessage .FILL x000A
(30A6) 0054  0000000001010100 (  12)                 .FILL x0054
(30A7) 0068  0000000001101000 (  12)                 .FILL x0068
(30A8) 0061  0000000001100001 (  12)                 .FILL x0061
(30A9) 006E  0000000001101110 (  12)                 .FILL x006E
(30AA) 006B  0000000001101011 (  12)                 .FILL x006B
(30AB) 0073  0000000001110011 (  12)                 .FILL x0073
(30AC) 002C  0000000000101100 (  12)                 .FILL x002C
(30AD) 0020  0000000000100000 (  12)                 .FILL x0020
(30AE) 0068  0000000001101000 (  12)                 .FILL x0068
(30AF) 0065  0000000001100101 (  12)                 .FILL x0065
(30B0) 0072  0000000001110010 (  12)                 .FILL x0072
(30B1) 0065  0000000001100101 (  12)                 .FILL x0065
(30B2) 0020  0000000000100000 (  12)                 .FILL x0020
(30B3) 0069  0000000001101001 (  12)                 .FILL x0069
(30B4) 0073  0000000001110011 (  12)                 .FILL x0073
(30B5) 0020  0000000000100000 (  12)                 .FILL x0020
(30B6) 0074  0000000001110100 (  12)                 .FILL x0074
(30B7) 0068  0000000001101000 (  12)                 .FILL x0068
(30B8) 0065  0000000001100101 (  12)                 .FILL x0065
(30B9) 0020  0000000000100000 (  12)                 .FILL x0020
(30BA) 0066  0000000001100110 (  12)                 .FILL x0066
(30BB) 0069  0000000001101001 (  12)                 .FILL x0069
(30BC) 0072  0000000001110010 (  12)                 .FILL x0072
(30BD) 0073  0000000001110011 (  12)                 .FILL x0073
(30BE) 0074  0000000001110100 (  12)                 .FILL x0074
(30BF) 0020  0000000000100000 (  12)                 .FILL x0020
(30C0) 006E  0000000001101110 (  12)                 .FILL x006E
(30C1) 0075  0000000001110101 (  12)                 .FILL x0075
(30C2) 006D  0000000001101101 (  12)                 .FILL x006D
(30C3) 0062  0000000001100010 (  12)                 .FILL x0062
(30C4) 0065  0000000001100101 (  12)                 .FILL x0065
(30C5) 0072  0000000001110010 (  12)                 .FILL x0072
(30C6) 0020  0000000000100000 (  12)                 .FILL x0020
(30C7) 006C  0000000001101100 (  12)                 .FILL x006C
(30C8) 0065  0000000001100101 (  12)                 .FILL x0065
(30C9) 0066  0000000001100110 (  12)                 .FILL x0066
(30CA) 0074  0000000001110100 (  12)                 .FILL x0074
(30CB) 0020  0000000000100000 (  12)                 .FILL x0020
(30CC) 0073  0000000001110011 (  12)                 .FILL x0073
(30CD) 0068  0000000001101000 (  12)                 .FILL x0068
(30CE) 0069  0000000001101001 (  12)                 .FILL x0069
(30CF) 0066  0000000001100110 (  12)                 .FILL x0066
(30D0) 0074  0000000001110100 (  12)                 .FILL x0074
(30D1) 0065  0000000001100101 (  12)                 .FILL x0065
(30D2) 0064  0000000001100100 (  12)                 .FILL x0064
(30D3) 003A  0000000000111010 (  12)                 .FILL x003A
(30D4) 000A  0000000000001010 (  12)                 .FILL x000A
(30D5) 0000  0000000000000000 (  12)                 .FILL x0000
(30D6) 000A  0000000000001010 (  13) RightShiftMessage .FILL x000A
(30D7) 0054  0000000001010100 (  13)                 .FILL x0054
(30D8) 0068  0000000001101000 (  13)                 .FILL x0068
(30D9) 0061  0000000001100001 (  13)                 .FILL x0061
(30DA) 006E  0000000001101110 (  13)                 .FILL x006E
(30DB) 006B  0000000001101011 (  13)                 .FILL x006B
(30DC) 0073  0000000001110011 (  13)                 .FILL x0073
(30DD) 002C  0000000000101100 (  13)                 .FILL x002C
(30DE) 0020  0000000000100000 (  13)                 .FILL x0020
(30DF) 0068  0000000001101000 (  13)                 .FILL x0068
(30E0) 0065  0000000001100101 (  13)                 .FILL x0065
(30E1) 0072  0000000001110010 (  13)                 .FILL x0072
(30E2) 0065  0000000001100101 (  13)                 .FILL x0065
(30E3) 0020  0000000000100000 (  13)                 .FILL x0020
(30E4) 0069  0000000001101001 (  13)                 .FILL x0069
(30E5) 0073  0000000001110011 (  13)                 .FILL x0073
(30E6) 0020  0000000000100000 (  13)                 .FILL x0020
(30E7) 0074  0000000001110100 (  13)                 .FILL x0074
(30E8) 0068  0000000001101000 (  13)                 .FILL x0068
(30E9) 0065  0000000001100101 (  13)                 .FILL x0065
(30EA) 0020  0000000000100000 (  13)                 .FILL x0020
(30EB) 0066  0000000001100110 (  13)                 .FILL x0066
(30EC) 0069  0000000001101001 (  13)                 .FILL x0069
(30ED) 0072  0000000001110010 (  13)                 .FILL x0072
(30EE) 0073  0000000001110011 (  13)                 .FILL x0073
(30EF) 0074  0000000001110100 (  13)                 .FILL x0074
(30F0) 0020  0000000000100000 (  13)                 .FILL x0020
(30F1) 006E  0000000001101110 (  13)                 .FILL x006E
(30F2) 0075  0000000001110101 (  13)                 .FILL x0075
(30F3) 006D  0000000001101101 (  13)                 .FILL x006D
(30F4) 0062  0000000001100010 (  13)                 .FILL x0062
(30F5) 0065  0000000001100101 (  13)                 .FILL x0065
(30F6) 0072  0000000001110010 (  13)                 .FILL x0072
(30F7) 0020  0000000000100000 (  13)                 .FILL x0020
(30F8) 0072  0000000001110010 (  13)                 .FILL x0072
(30F9) 0069  0000000001101001 (  13)                 .FILL x0069
(30FA) 0067  0000000001100111 (  13)                 .FILL x0067
(30FB) 0068  0000000001101000 (  13)                 .FILL x0068
(30FC) 0074  0000000001110100 (  13)                 .FILL x0074
(30FD) 0020  0000000000100000 (  13)                 .FILL x0020
(30FE) 0073  0000000001110011 (  13)                 .FILL x0073
(30FF) 0068  0000000001101000 (  13)                 .FILL x0068
(3100) 0069  0000000001101001 (  13)                 .FILL x0069
(3101) 0066  0000000001100110 (  13)                 .FILL x0066
(3102) 0074  0000000001110100 (  13)                 .FILL x0074
(3103) 0065  0000000001100101 (  13)                 .FILL x0065
(3104) 0064  0000000001100100 (  13)                 .FILL x0064
(3105) 000A  0000000000001010 (  13)                 .FILL x000A
(3106) 0000  0000000000000000 (  13)                 .FILL x0000
(3107) 000A  0000000000001010 (  14) LeftRotateMessage .FILL x000A
(3108) 0054  0000000001010100 (  14)                 .FILL x0054
(3109) 0068  0000000001101000 (  14)                 .FILL x0068
(310A) 0061  0000000001100001 (  14)                 .FILL x0061
(310B) 006E  0000000001101110 (  14)                 .FILL x006E
(310C) 006B  0000000001101011 (  14)                 .FILL x006B
(310D) 0073  0000000001110011 (  14)                 .FILL x0073
(310E) 002C  0000000000101100 (  14)                 .FILL x002C
(310F) 0020  0000000000100000 (  14)                 .FILL x0020
(3110) 0068  0000000001101000 (  14)                 .FILL x0068
(3111) 0065  0000000001100101 (  14)                 .FILL x0065
(3112) 0072  0000000001110010 (  14)                 .FILL x0072
(3113) 0065  0000000001100101 (  14)                 .FILL x0065
(3114) 0020  0000000000100000 (  14)                 .FILL x0020
(3115) 0069  0000000001101001 (  14)                 .FILL x0069
(3116) 0073  0000000001110011 (  14)                 .FILL x0073
(3117) 0020  0000000000100000 (  14)                 .FILL x0020
(3118) 0074  0000000001110100 (  14)                 .FILL x0074
(3119) 0068  0000000001101000 (  14)                 .FILL x0068
(311A) 0065  0000000001100101 (  14)                 .FILL x0065
(311B) 0020  0000000000100000 (  14)                 .FILL x0020
(311C) 0066  0000000001100110 (  14)                 .FILL x0066
(311D) 0069  0000000001101001 (  14)                 .FILL x0069
(311E) 0072  0000000001110010 (  14)                 .FILL x0072
(311F) 0073  0000000001110011 (  14)                 .FILL x0073
(3120) 0074  0000000001110100 (  14)                 .FILL x0074
(3121) 0020  0000000000100000 (  14)                 .FILL x0020
(3122) 006E  0000000001101110 (  14)                 .FILL x006E
(3123) 0075  0000000001110101 (  14)                 .FILL x0075
(3124) 006D  0000000001101101 (  14)                 .FILL x006D
(3125) 0062  0000000001100010 (  14)                 .FILL x0062
(3126) 0065  0000000001100101 (  14)                 .FILL x0065
(3127) 0072  0000000001110010 (  14)                 .FILL x0072
(3128) 0020  0000000000100000 (  14)                 .FILL x0020
(3129) 006C  0000000001101100 (  14)                 .FILL x006C
(312A) 0065  0000000001100101 (  14)                 .FILL x0065
(312B) 0066  0000000001100110 (  14)                 .FILL x0066
(312C) 0074  0000000001110100 (  14)                 .FILL x0074
(312D) 0020  0000000000100000 (  14)                 .FILL x0020
(312E) 0072  0000000001110010 (  14)                 .FILL x0072
(312F) 006F  0000000001101111 (  14)                 .FILL x006F
(3130) 0074  0000000001110100 (  14)                 .FILL x0074
(3131) 0061  0000000001100001 (  14)                 .FILL x0061
(3132) 0074  0000000001110100 (  14)                 .FILL x0074
(3133) 0065  0000000001100101 (  14)                 .FILL x0065
(3134) 0064  0000000001100100 (  14)                 .FILL x0064
(3135) 000A  0000000000001010 (  14)                 .FILL x000A
(3136) 0000  0000000000000000 (  14)                 .FILL x0000
(3137) 000A  0000000000001010 (  15) RightRotateMessage .FILL x000A
(3138) 0054  0000000001010100 (  15)                 .FILL x0054
(3139) 0068  0000000001101000 (  15)                 .FILL x0068
(313A) 0061  0000000001100001 (  15)                 .FILL x0061
(313B) 006E  0000000001101110 (  15)                 .FILL x006E
(313C) 006B  0000000001101011 (  15)                 .FILL x006B
(313D) 0073  0000000001110011 (  15)                 .FILL x0073
(313E) 002C  0000000000101100 (  15)                 .FILL x002C
(313F) 0020  0000000000100000 (  15)                 .FILL x0020
(3140) 0068  0000000001101000 (  15)                 .FILL x0068
(3141) 0065  0000000001100101 (  15)                 .FILL x0065
(3142) 0072  0000000001110010 (  15)                 .FILL x0072
(3143) 0065  0000000001100101 (  15)                 .FILL x0065
(3144) 0020  0000000000100000 (  15)                 .FILL x0020
(3145) 0069  0000000001101001 (  15)                 .FILL x0069
(3146) 0073  0000000001110011 (  15)                 .FILL x0073
(3147) 0020  0000000000100000 (  15)                 .FILL x0020
(3148) 0074  0000000001110100 (  15)                 .FILL x0074
(3149) 0068  0000000001101000 (  15)                 .FILL x0068
(314A) 0065  0000000001100101 (  15)                 .FILL x0065
(314B) 0020  0000000000100000 (  15)                 .FILL x0020
(314C) 0066  0000000001100110 (  15)                 .FILL x0066
(314D) 0069  0000000001101001 (  15)                 .FILL x0069
(314E) 0072  0000000001110010 (  15)                 .FILL x0072
(314F) 0073  0000000001110011 (  15)                 .FILL x0073
(3150) 0074  0000000001110100 (  15)                 .FILL x0074
(3151) 0020  0000000000100000 (  15)                 .FILL x0020
(3152) 006E  0000000001101110 (  15)                 .FILL x006E
(3153) 0075  0000000001110101 (  15)                 .FILL x0075
(3154) 006D  0000000001101101 (  15)                 .FILL x006D
(3155) 0062  0000000001100010 (  15)                 .FILL x0062
(3156) 0065  0000000001100101 (  15)                 .FILL x0065
(3157) 0072  0000000001110010 (  15)                 .FILL x0072
(3158) 0020  0000000000100000 (  15)                 .FILL x0020
(3159) 0072  0000000001110010 (  15)                 .FILL x0072
(315A) 0069  0000000001101001 (  15)                 .FILL x0069
(315B) 0067  0000000001100111 (  15)                 .FILL x0067
(315C) 0068  0000000001101000 (  15)                 .FILL x0068
(315D) 0074  0000000001110100 (  15)                 .FILL x0074
(315E) 0020  0000000000100000 (  15)                 .FILL x0020
(315F) 0072  0000000001110010 (  15)                 .FILL x0072
(3160) 006F  0000000001101111 (  15)                 .FILL x006F
(3161) 0074  0000000001110100 (  15)                 .FILL x0074
(3162) 0061  0000000001100001 (  15)                 .FILL x0061
(3163) 0074  0000000001110100 (  15)                 .FILL x0074
(3164) 0065  0000000001100101 (  15)                 .FILL x0065
(3165) 0064  0000000001100100 (  15)                 .FILL x0064
(3166) 000A  0000000000001010 (  15)                 .FILL x000A
(3167) 0000  0000000000000000 (  15)                 .FILL x0000
(3168) 000A  0000000000001010 (  16) BinaryResult    .FILL x000A
(3169) 0048  0000000001001000 (  16)                 .FILL x0048
(316A) 0065  0000000001100101 (  16)                 .FILL x0065
(316B) 0072  0000000001110010 (  16)                 .FILL x0072
(316C) 0065  0000000001100101 (  16)                 .FILL x0065
(316D) 0020  0000000000100000 (  16)                 .FILL x0020
(316E) 0069  0000000001101001 (  16)                 .FILL x0069
(316F) 0073  0000000001110011 (  16)                 .FILL x0073
(3170) 0020  0000000000100000 (  16)                 .FILL x0020
(3171) 0079  0000000001111001 (  16)                 .FILL x0079
(3172) 006F  0000000001101111 (  16)                 .FILL x006F
(3173) 0075  0000000001110101 (  16)                 .FILL x0075
(3174) 0072  0000000001110010 (  16)                 .FILL x0072
(3175) 0020  0000000000100000 (  16)                 .FILL x0020
(3176) 006E  0000000001101110 (  16)                 .FILL x006E
(3177) 0075  0000000001110101 (  16)                 .FILL x0075
(3178) 006D  0000000001101101 (  16)                 .FILL x006D
(3179) 0062  0000000001100010 (  16)                 .FILL x0062
(317A) 0065  0000000001100101 (  16)                 .FILL x0065
(317B) 0072  0000000001110010 (  16)                 .FILL x0072
(317C) 0020  0000000000100000 (  16)                 .FILL x0020
(317D) 0069  0000000001101001 (  16)                 .FILL x0069
(317E) 006E  0000000001101110 (  16)                 .FILL x006E
(317F) 0020  0000000000100000 (  16)                 .FILL x0020
(3180) 0062  0000000001100010 (  16)                 .FILL x0062
(3181) 0069  0000000001101001 (  16)                 .FILL x0069
(3182) 006E  0000000001101110 (  16)                 .FILL x006E
(3183) 0061  0000000001100001 (  16)                 .FILL x0061
(3184) 0072  0000000001110010 (  16)                 .FILL x0072
(3185) 0079  0000000001111001 (  16)                 .FILL x0079
(3186) 003A  0000000000111010 (  16)                 .FILL x003A
(3187) 000A  0000000000001010 (  16)                 .FILL x000A
(3188) 0000  0000000000000000 (  16)                 .FILL x0000
(3189) 2054  0010000001010100 (  20) START           LD    R0 GreatingAddress
(318A) F022  1111000000100010 (  21)                 TRAP  x22
(318B) 487B  0100100001111011 (  22) PropForNumber   JSR   ClearAllReg
(318C) 2052  0010000001010010 (  26)                 LD    R0 PropAddress
(318D) F022  1111000000100010 (  27)                 TRAP  x22
(318E) F020  1111000000100000 (  28) ReadAgain       TRAP  x20
(318F) F021  1111000000100001 (  29)                 TRAP  x21
(3190) 2243  0010001001000011 (  33)                 LD    R1 ASKIIX
(3191) 1240  0001001001000000 (  34)                 ADD   R1 R1 R0
(3192) 0A03  0000101000000011 (  35)                 BRNP  CheckMinus
(3193) 204D  0010000001001101 (  36)                 LD    R0 ExitMessageAdd
(3194) F022  1111000000100010 (  37)                 TRAP  x22
(3195) F025  1111000000100101 (  38)                 TRAP  x25
(3196) 223E  0010001000111110 (  42) CheckMinus      LD    R1 ASKIIMINUS
(3197) 1240  0001001001000000 (  43)                 ADD   R1 R1 R0
(3198) 0A02  0000101000000010 (  44)                 BRNP  CheckNewLine
(3199) 4878  0100100001111000 (  45)                 JSR   SetNegativeFlag
(319A) 0FF3  0000111111110011 (  46)                 BRNZP ReadAgain
(319B) 2237  0010001000110111 (  50) CheckNewLine    LD    R1 NewLineComp
(319C) 1240  0001001001000000 (  51)                 ADD   R1 R1 R0
(319D) 0402  0000010000000010 (  52)                 BRZ   CheckNegative
(319E) 485E  0100100001011110 (  56) Read            JSR   ReadDigit
(319F) 0FEE  0000111111101110 (  57)                 BRNZP ReadAgain
(31A0) 2C37  0010110000110111 (  61) CheckNegative   LD    R6 NegativeFlag
(31A1) 0C01  0000110000000001 (  62)                 BRNZ  PrintBinary
(31A2) 486C  0100100001101100 (  63)                 JSR   Invert
(31A3) 203C  0010000000111100 (  67) PrintBinary     LD    R0 BinResAddress
(31A4) F022  1111000000100010 (  68)                 TRAP  x22
(31A5) 1CE0  0001110011100000 (  69)                 ADD   R6 R3 #0
(31A6) 487A  0100100001111010 (  70)                 JSR   PrintR6Binary
(31A7) 203A  0010000000111010 (  71)                 LD    R0 ShiftMessageAdd
(31A8) F022  1111000000100010 (  72)                 TRAP  x22
(31A9) 483D  0100100000111101 (  73)                 JSR   ReadShiftCount
(31AA) 2230  0010001000110000 (  74)                 LD    R1 ShiftCount
(31AB) 48A2  0100100010100010 (  76) LeftShift       JSR   ShiftR6Left
(31AC) 127F  0001001001111111 (  77)                 ADD   R1 R1 #-1
(31AD) 0BFD  0000101111111101 (  78)                 BRNP  LeftShift
(31AE) 2034  0010000000110100 (  79)                 LD    R0 LShiftMessAdd
(31AF) F022  1111000000100010 (  80)                 TRAP  x22
(31B0) 4870  0100100001110000 (  81)                 JSR   PrintR6Binary
(31B1) 1CE0  0001110011100000 (  83)                 ADD   R6 R3 #0
(31B2) 5D86  0101110110000110 (  84)                 AND   R6 R6 R6
(31B3) 0406  0000010000000110 (  85)                 BRZ   PrintRightShift
(31B4) 2426  0010010000100110 (  86)                 LD    R2 ShiftCount
(31B5) 489A  0100100010011010 (  87) RightShift      JSR   ShiftR6Right
(31B6) 5D86  0101110110000110 (  88)                 AND   R6 R6 R6
(31B7) 0402  0000010000000010 (  89)                 BRZ   PrintRightShift
(31B8) 14BF  0001010010111111 (  90)                 ADD   R2 R2 #-1
(31B9) 0BFB  0000101111111011 (  91)                 BRNP  RightShift
(31BA) 2029  0010000000101001 (  92) PrintRightShift LD    R0 RShiftMessAdd
(31BB) F022  1111000000100010 (  93)                 TRAP  x22
(31BC) 4864  0100100001100100 (  94)                 JSR   PrintR6Binary
(31BD) 1CE0  0001110011100000 (  96)                 ADD   R6 R3 #0
(31BE) 281C  0010100000011100 (  97)                 LD    R4 ShiftCount
(31BF) 4885  0100100010000101 (  98) LeftRotate      JSR   RotateR6Left
(31C0) 193F  0001100100111111 (  99)                 ADD   R4 R4 #-1
(31C1) 0BFD  0000101111111101 ( 100)                 BRNP  LeftRotate
(31C2) 2022  0010000000100010 ( 101)                 LD    R0 LRotateMessAdd
(31C3) F022  1111000000100010 ( 102)                 TRAP  x22
(31C4) 485C  0100100001011100 ( 103)                 JSR   PrintR6Binary
(31C5) 1CE0  0001110011100000 ( 104)                 ADD   R6 R3 #0
(31C6) 5D86  0101110110000110 ( 105)                 AND   R6 R6 R6
(31C7) 0404  0000010000000100 ( 106)                 BRZ   PrintRightRotate
(31C8) 2812  0010100000010010 ( 107)                 LD    R4 ShiftCount
(31C9) 4867  0100100001100111 ( 108) RightRotate     JSR   RotateR6Right
(31CA) 193F  0001100100111111 ( 109)                 ADD   R4 R4 #-1
(31CB) 0BFD  0000101111111101 ( 110)                 BRNP  RightRotate
(31CC) 2019  0010000000011001 ( 111) PrintRightRotate LD    R0 RRotateMessAdd
(31CD) F022  1111000000100010 ( 112)                 TRAP  x22
(31CE) 4852  0100100001010010 ( 113)                 JSR   PrintR6Binary
(31CF) 5020  0101000000100000 ( 114) Finish          AND   R0 R0 #0
(31D0) 3007  0011000000000111 ( 115)                 ST    R0 NegativeFlag
(31D1) 0FB9  0000111110111001 ( 116)                 BRNZP PropForNumber
(31D2) 8000  1000000000000000 ( 120) BinaryMask      .FILL x8000
(31D3) FFF6  1111111111110110 ( 124) NewLineComp     .FILL xFFF6
(31D4) FFA8  1111111110101000 ( 125) ASKIIX          .FILL xFFA8
(31D5) FFD3  1111111111010011 ( 126) ASKIIMINUS      .FILL xFFD3
(31D6) 0030  0000000000110000 ( 127) ASKIIZero       .FILL x0030
(31D7) FFD0  1111111111010000 ( 128) ASKIIZeroComp   .FILL xFFD0
(31D8) 0000  0000000000000000 ( 129) NegativeFlag    .FILL x0000
(31D9) 0000  0000000000000000 ( 130) RegisterSeven   .FILL x0000
(31DA) 0000  0000000000000000 ( 131) PR6Reg7Save     .FILL x0000
(31DB) 0000  0000000000000000 ( 132) ShiftCount      .FILL x0000
(31DC) 7FFF  0111111111111111 ( 133) RotateOffset1   .FILL x7FFF
(31DD) 8000  1000000000000000 ( 134) RotateOffset2   .FILL x8000
(31DE) 301B  0011000000011011 ( 138) GreatingAddress .FILL x301B
(31DF) 3046  0011000001000110 ( 139) PropAddress     .FILL x3046
(31E0) 3168  0011000101101000 ( 140) BinResAddress   .FILL x3168
(31E1) 3003  0011000000000011 ( 141) ExitMessageAdd  .FILL x3003
(31E2) 3075  0011000001110101 ( 142) ShiftMessageAdd .FILL x3075
(31E3) 30A5  0011000010100101 ( 143) LShiftMessAdd   .FILL x30A5
(31E4) 30D6  0011000011010110 ( 144) RShiftMessAdd   .FILL x30D6
(31E5) 3107  0011000100000111 ( 145) LRotateMessAdd  .FILL x3107
(31E6) 3137  0011000100110111 ( 146) RRotateMessAdd  .FILL x3137
(31E7) 3FF1  0011111111110001 ( 153) ReadShiftCount  ST    R7 RegisterSeven
(31E8) 54A0  0101010010100000 ( 154)                 AND   R2 R2 #0
(31E9) 35F1  0011010111110001 ( 155)                 ST    R2 ShiftCount
(31EA) F020  1111000000100000 ( 156) ReadAgainCount  TRAP  x20
(31EB) F021  1111000000100001 ( 157)                 TRAP  x21
(31EC) 25E6  0010010111100110 ( 158)                 LD    R2 NewLineComp
(31ED) 1480  0001010010000000 ( 159)                 ADD   R2 R2 R0
(31EE) 040C  0000010000001100 ( 160)                 BRZ   returnCount
(31EF) 25EB  0010010111101011 ( 161)                 LD    R2 ShiftCount
(31F0) 5260  0101001001100000 ( 162)                 AND   R1 R1 #0
(31F1) 1269  0001001001101001 ( 163)                 ADD   R1 R1 #9
(31F2) 18A0  0001100010100000 ( 164)                 ADD   R4 R2 #0
(31F3) 1484  0001010010000100 ( 165) MultiplyCount   ADD   R2 R2 R4
(31F4) 127F  0001001001111111 ( 166)                 ADD   R1 R1 #-1
(31F5) 03FD  0000001111111101 ( 167)                 BRP   MultiplyCount
(31F6) 23E0  0010001111100000 ( 168)                 LD    R1 ASKIIZeroComp
(31F7) 1001  0001000000000001 ( 169)                 ADD   R0 R0 R1
(31F8) 1480  0001010010000000 ( 170)                 ADD   R2 R2 R0
(31F9) 35E1  0011010111100001 ( 171)                 ST    R2 ShiftCount
(31FA) 0FEF  0000111111101111 ( 172)                 BRNZP ReadAgainCount
(31FB) 2FDD  0010111111011101 ( 173) returnCount     LD    R7 RegisterSeven
(31FC) C1C0  1100000111000000 ( 174)                 RET   
(31FD) 54A0  0101010010100000 ( 178) ReadDigit       AND   R2 R2 #0
(31FE) 14A9  0001010010101001 ( 179)                 ADD   R2 R2 #9
(31FF) 12E0  0001001011100000 ( 180)                 ADD   R1 R3 #0
(3200) 16C1  0001011011000001 ( 181) Multiply        ADD   R3 R3 R1
(3201) 14BF  0001010010111111 ( 182)                 ADD   R2 R2 #-1
(3202) 03FD  0000001111111101 ( 183)                 BRP   Multiply
(3203) 23D3  0010001111010011 ( 184)                 LD    R1 ASKIIZeroComp
(3204) 1001  0001000000000001 ( 185)                 ADD   R0 R0 R1
(3205) 16C0  0001011011000000 ( 186)                 ADD   R3 R3 R0
(3206) C1C0  1100000111000000 ( 187)                 RET   
(3207) 5020  0101000000100000 ( 191) ClearAllReg     AND   R0 R0 #0
(3208) 5260  0101001001100000 ( 192)                 AND   R1 R1 #0
(3209) 54A0  0101010010100000 ( 193)                 AND   R2 R2 #0
(320A) 56E0  0101011011100000 ( 194)                 AND   R3 R3 #0
(320B) 5920  0101100100100000 ( 195)                 AND   R4 R4 #0
(320C) 5B60  0101101101100000 ( 196)                 AND   R5 R5 #0
(320D) 5DA0  0101110110100000 ( 197)                 AND   R6 R6 #0
(320E) C1C0  1100000111000000 ( 198)                 RET   
(320F) 96FF  1001011011111111 ( 202) Invert          NOT   R3 R3
(3210) 16E1  0001011011100001 ( 203)                 ADD   R3 R3 #1
(3211) C1C0  1100000111000000 ( 204)                 RET   
(3212) 5DA0  0101110110100000 ( 208) SetNegativeFlag AND   R6 R6 #0
(3213) 1DA1  0001110110100001 ( 209)                 ADD   R6 R6 #1
(3214) 3DC3  0011110111000011 ( 210)                 ST    R6 NegativeFlag
(3215) C1C0  1100000111000000 ( 211)                 RET   
(3216) 3FC2  0011111111000010 ( 215) PrintOne        ST    R7 RegisterSeven
(3217) 21BE  0010000110111110 ( 216)                 LD    R0 ASKIIZero
(3218) 1021  0001000000100001 ( 217)                 ADD   R0 R0 #1
(3219) F021  1111000000100001 ( 218)                 TRAP  x21
(321A) 2FBE  0010111110111110 ( 219)                 LD    R7 RegisterSeven
(321B) C1C0  1100000111000000 ( 220)                 RET   
(321C) 3FBC  0011111110111100 ( 224) PrintZero       ST    R7 RegisterSeven
(321D) 21B8  0010000110111000 ( 225)                 LD    R0 ASKIIZero
(321E) F021  1111000000100001 ( 226)                 TRAP  x21
(321F) 2FB9  0010111110111001 ( 227)                 LD    R7 RegisterSeven
(3220) C1C0  1100000111000000 ( 228)                 RET   
(3221) 3FB8  0011111110111000 ( 232) PrintR6Binary   ST    R7 PR6Reg7Save
(3222) 23AF  0010001110101111 ( 233)                 LD    R1 BinaryMask
(3223) 5581  0101010110000001 ( 234)                 AND   R2 R6 R1
(3224) 0A01  0000101000000001 ( 235)                 BRNP  One
(3225) 0402  0000010000000010 ( 236)                 BRZ   Zero
(3226) 4FEF  0100111111101111 ( 240) One             JSR   PrintOne
(3227) 0E01  0000111000000001 ( 241)                 BRNZP ShiftMask
(3228) 4FF3  0100111111110011 ( 245) Zero            JSR   PrintZero
(3229) 1A7F  0001101001111111 ( 249) ShiftMask       ADD   R5 R1 #-1
(322A) 0404  0000010000000100 ( 250)                 BRZ   Done
(322B) 483A  0100100000111010 ( 251)                 JSR   Divide
(322C) 5581  0101010110000001 ( 252)                 AND   R2 R6 R1
(322D) 05FA  0000010111111010 ( 253)                 BRZ   Zero
(322E) 0BF7  0000101111110111 ( 254)                 BRNP  One
(322F) 2FAA  0010111110101010 ( 255) Done            LD    R7 PR6Reg7Save
(3230) C1C0  1100000111000000 ( 256)                 RET   
(3231) 3FA7  0011111110100111 ( 260) RotateR6Right   ST    R7 RegisterSeven
(3232) 15A0  0001010110100000 ( 261)                 ADD   R2 R6 #0
(3233) 481C  0100100000011100 ( 262)                 JSR   ShiftR6Right
(3234) 5260  0101001001100000 ( 263)                 AND   R1 R1 #0
(3235) 1261  0001001001100001 ( 264)                 ADD   R1 R1 #1
(3236) 5442  0101010001000010 ( 265)                 AND   R2 R1 R2
(3237) 0A03  0000101000000011 ( 266)                 BRNP  CarryOne
(3238) 25A3  0010010110100011 ( 267)                 LD    R2 RotateOffset1
(3239) 5D82  0101110110000010 ( 268)                 AND   R6 R6 R2
(323A) 0E08  0000111000001000 ( 269)                 BRNZP EndRRotate
(323B) 259C  0010010110011100 ( 270) CarryOne        LD    R2 NegativeFlag
(323C) 0A06  0000101000000110 ( 271)                 BRNP  EndRRotate
(323D) 259F  0010010110011111 ( 272)                 LD    R2 RotateOffset2
(323E) 1D82  0001110110000010 ( 273)                 ADD   R6 R6 R2
(323F) 0E03  0000111000000011 ( 274)                 BRNZP EndRRotate
(3240) 259B  0010010110011011 ( 275) CarryOneNegative LD    R2 RotateOffset1
(3241) 1D82  0001110110000010 ( 276)                 ADD   R6 R6 R2
(3242) 1DA1  0001110110100001 ( 277)                 ADD   R6 R6 #1
(3243) 2F95  0010111110010101 ( 278) EndRRotate      LD    R7 RegisterSeven
(3244) C1C0  1100000111000000 ( 279)                 RET   
(3245) 3F93  0011111110010011 ( 283) RotateR6Left    ST    R7 RegisterSeven
(3246) 238B  0010001110001011 ( 284)                 LD    R1 BinaryMask
(3247) 15A0  0001010110100000 ( 285)                 ADD   R2 R6 #0
(3248) 4805  0100100000000101 ( 286)                 JSR   ShiftR6Left
(3249) 5442  0101010001000010 ( 287)                 AND   R2 R1 R2
(324A) 0401  0000010000000001 ( 288)                 BRZ   EndLRotate
(324B) 1DA1  0001110110100001 ( 289)                 ADD   R6 R6 #1
(324C) 2F8C  0010111110001100 ( 290) EndLRotate      LD    R7 RegisterSeven
(324D) C1C0  1100000111000000 ( 291)                 RET   
(324E) 1D86  0001110110000110 ( 295) ShiftR6Left     ADD   R6 R6 R6
(324F) C1C0  1100000111000000 ( 296)                 RET   
(3250) 5260  0101001001100000 ( 300) ShiftR6Right    AND   R1 R1 #0
(3251) 126F  0001001001101111 ( 301)                 ADD   R1 R1 #15
(3252) 1DA0  0001110110100000 ( 302) LOOP            ADD   R6 R6 #0
(3253) 0801  0000100000000001 ( 303)                 BRN   NEG
(3254) 0205  0000001000000101 ( 304)                 BRP   POS
(3255) 1D86  0001110110000110 ( 305) NEG             ADD   R6 R6 R6
(3256) 1DA1  0001110110100001 ( 306)                 ADD   R6 R6 #1
(3257) 127F  0001001001111111 ( 307)                 ADD   R1 R1 #-1
(3258) 0C05  0000110000000101 ( 308)                 BRNZ  DONE
(3259) 0FF8  0000111111111000 ( 309)                 BRNZP LOOP
(325A) 1D86  0001110110000110 ( 310) POS             ADD   R6 R6 R6
(325B) 127F  0001001001111111 ( 311)                 ADD   R1 R1 #-1
(325C) 0C01  0000110000000001 ( 312)                 BRNZ  DONE
(325D) 0FF4  0000111111110100 ( 313)                 BRNZP LOOP
(325E) 2206  0010001000000110 ( 314) DONE            LD    R1 MASK
(325F) 5D81  0101110110000001 ( 315)                 AND   R6 R6 R1
(3260) 2377  0010001101110111 ( 316)                 LD    R1 NegativeFlag
(3261) 0402  0000010000000010 ( 317)                 BRZ   FinishRightShift
(3262) 236F  0010001101101111 ( 318) NegativeOffset  LD    R1 BinaryMask
(3263) 1D81  0001110110000001 ( 319)                 ADD   R6 R6 R1
(3264) C1C0  1100000111000000 ( 320) FinishRightShift RET   
(3265) 7FFF  0111111111111111 ( 321) MASK            .FILL x7FFF
(3266) 5920  0101100100100000 ( 325) Divide          AND   R4 R4 #0
(3267) 1921  0001100100100001 ( 326) AGAIN           ADD   R4 R4 #1
(3268) 127E  0001001001111110 ( 327)                 ADD   R1 R1 #-2
(3269) 03FD  0000001111111101 ( 328)                 BRP   AGAIN
(326A) 1261  0001001001100001 ( 329)                 ADD   R1 R1 #1
(326B) 0801  0000100000000001 ( 330)                 BRN   AGAINN
(326C) 0602  0000011000000010 ( 331)                 BRZP  RETURN
(326D) 127F  0001001001111111 ( 332) AGAINN          ADD   R1 R1 #-1
(326E) 0FF8  0000111111111000 ( 333)                 BRNZP AGAIN
(326F) 127F  0001001001111111 ( 334) RETURN          ADD   R1 R1 #-1
(3270) 1320  0001001100100000 ( 335)                 ADD   R1 R4 #0
(3271) C1C0  1100000111000000 ( 336)                 RET   
