(0000) 3000  0011000000000000 (   5)                 .ORIG x3000
(3000) 0057  0000000001010111 (   9) Greating        .FILL x0057
(3001) 0065  0000000001100101 (   9)                 .FILL x0065
(3002) 006C  0000000001101100 (   9)                 .FILL x006C
(3003) 0063  0000000001100011 (   9)                 .FILL x0063
(3004) 006F  0000000001101111 (   9)                 .FILL x006F
(3005) 006D  0000000001101101 (   9)                 .FILL x006D
(3006) 0065  0000000001100101 (   9)                 .FILL x0065
(3007) 0020  0000000000100000 (   9)                 .FILL x0020
(3008) 0074  0000000001110100 (   9)                 .FILL x0074
(3009) 006F  0000000001101111 (   9)                 .FILL x006F
(300A) 0020  0000000000100000 (   9)                 .FILL x0020
(300B) 0074  0000000001110100 (   9)                 .FILL x0074
(300C) 0068  0000000001101000 (   9)                 .FILL x0068
(300D) 0065  0000000001100101 (   9)                 .FILL x0065
(300E) 0020  0000000000100000 (   9)                 .FILL x0020
(300F) 0043  0000000001000011 (   9)                 .FILL x0043
(3010) 0061  0000000001100001 (   9)                 .FILL x0061
(3011) 0065  0000000001100101 (   9)                 .FILL x0065
(3012) 0073  0000000001110011 (   9)                 .FILL x0073
(3013) 0061  0000000001100001 (   9)                 .FILL x0061
(3014) 0072  0000000001110010 (   9)                 .FILL x0072
(3015) 0020  0000000000100000 (   9)                 .FILL x0020
(3016) 0043  0000000001000011 (   9)                 .FILL x0043
(3017) 0069  0000000001101001 (   9)                 .FILL x0069
(3018) 0070  0000000001110000 (   9)                 .FILL x0070
(3019) 0068  0000000001101000 (   9)                 .FILL x0068
(301A) 0065  0000000001100101 (   9)                 .FILL x0065
(301B) 0072  0000000001110010 (   9)                 .FILL x0072
(301C) 0020  0000000000100000 (   9)                 .FILL x0020
(301D) 0065  0000000001100101 (   9)                 .FILL x0065
(301E) 006E  0000000001101110 (   9)                 .FILL x006E
(301F) 0063  0000000001100011 (   9)                 .FILL x0063
(3020) 0072  0000000001110010 (   9)                 .FILL x0072
(3021) 0079  0000000001111001 (   9)                 .FILL x0079
(3022) 0070  0000000001110000 (   9)                 .FILL x0070
(3023) 0074  0000000001110100 (   9)                 .FILL x0074
(3024) 006F  0000000001101111 (   9)                 .FILL x006F
(3025) 0072  0000000001110010 (   9)                 .FILL x0072
(3026) 002F  0000000000101111 (   9)                 .FILL x002F
(3027) 0064  0000000001100100 (   9)                 .FILL x0064
(3028) 0065  0000000001100101 (   9)                 .FILL x0065
(3029) 0063  0000000001100011 (   9)                 .FILL x0063
(302A) 0072  0000000001110010 (   9)                 .FILL x0072
(302B) 0079  0000000001111001 (   9)                 .FILL x0079
(302C) 0070  0000000001110000 (   9)                 .FILL x0070
(302D) 0074  0000000001110100 (   9)                 .FILL x0074
(302E) 006F  0000000001101111 (   9)                 .FILL x006F
(302F) 0072  0000000001110010 (   9)                 .FILL x0072
(3030) 0020  0000000000100000 (   9)                 .FILL x0020
(3031) 0070  0000000001110000 (   9)                 .FILL x0070
(3032) 0072  0000000001110010 (   9)                 .FILL x0072
(3033) 006F  0000000001101111 (   9)                 .FILL x006F
(3034) 0067  0000000001100111 (   9)                 .FILL x0067
(3035) 0072  0000000001110010 (   9)                 .FILL x0072
(3036) 0061  0000000001100001 (   9)                 .FILL x0061
(3037) 006D  0000000001101101 (   9)                 .FILL x006D
(3038) 000A  0000000000001010 (   9)                 .FILL x000A
(3039) 000A  0000000000001010 (   9)                 .FILL x000A
(303A) 0000  0000000000000000 (   9)                 .FILL x0000
(303B) 0044  0000000001000100 (  10) EorDPrompt      .FILL x0044
(303C) 006F  0000000001101111 (  10)                 .FILL x006F
(303D) 0020  0000000000100000 (  10)                 .FILL x0020
(303E) 0079  0000000001111001 (  10)                 .FILL x0079
(303F) 006F  0000000001101111 (  10)                 .FILL x006F
(3040) 0075  0000000001110101 (  10)                 .FILL x0075
(3041) 0020  0000000000100000 (  10)                 .FILL x0020
(3042) 0077  0000000001110111 (  10)                 .FILL x0077
(3043) 0061  0000000001100001 (  10)                 .FILL x0061
(3044) 006E  0000000001101110 (  10)                 .FILL x006E
(3045) 0074  0000000001110100 (  10)                 .FILL x0074
(3046) 0020  0000000000100000 (  10)                 .FILL x0020
(3047) 0074  0000000001110100 (  10)                 .FILL x0074
(3048) 006F  0000000001101111 (  10)                 .FILL x006F
(3049) 0020  0000000000100000 (  10)                 .FILL x0020
(304A) 0028  0000000000101000 (  10)                 .FILL x0028
(304B) 0045  0000000001000101 (  10)                 .FILL x0045
(304C) 0029  0000000000101001 (  10)                 .FILL x0029
(304D) 006E  0000000001101110 (  10)                 .FILL x006E
(304E) 0063  0000000001100011 (  10)                 .FILL x0063
(304F) 0072  0000000001110010 (  10)                 .FILL x0072
(3050) 0079  0000000001111001 (  10)                 .FILL x0079
(3051) 0070  0000000001110000 (  10)                 .FILL x0070
(3052) 0074  0000000001110100 (  10)                 .FILL x0074
(3053) 0020  0000000000100000 (  10)                 .FILL x0020
(3054) 006F  0000000001101111 (  10)                 .FILL x006F
(3055) 0072  0000000001110010 (  10)                 .FILL x0072
(3056) 0020  0000000000100000 (  10)                 .FILL x0020
(3057) 0028  0000000000101000 (  10)                 .FILL x0028
(3058) 0044  0000000001000100 (  10)                 .FILL x0044
(3059) 0029  0000000000101001 (  10)                 .FILL x0029
(305A) 0065  0000000001100101 (  10)                 .FILL x0065
(305B) 0063  0000000001100011 (  10)                 .FILL x0063
(305C) 0072  0000000001110010 (  10)                 .FILL x0072
(305D) 0079  0000000001111001 (  10)                 .FILL x0079
(305E) 0070  0000000001110000 (  10)                 .FILL x0070
(305F) 0074  0000000001110100 (  10)                 .FILL x0074
(3060) 0020  0000000000100000 (  10)                 .FILL x0020
(3061) 006F  0000000001101111 (  10)                 .FILL x006F
(3062) 0072  0000000001110010 (  10)                 .FILL x0072
(3063) 0020  0000000000100000 (  10)                 .FILL x0020
(3064) 0070  0000000001110000 (  10)                 .FILL x0070
(3065) 0072  0000000001110010 (  10)                 .FILL x0072
(3066) 0065  0000000001100101 (  10)                 .FILL x0065
(3067) 0073  0000000001110011 (  10)                 .FILL x0073
(3068) 0073  0000000001110011 (  10)                 .FILL x0073
(3069) 0020  0000000000100000 (  10)                 .FILL x0020
(306A) 0058  0000000001011000 (  10)                 .FILL x0058
(306B) 0020  0000000000100000 (  10)                 .FILL x0020
(306C) 0074  0000000001110100 (  10)                 .FILL x0074
(306D) 006F  0000000001101111 (  10)                 .FILL x006F
(306E) 0020  0000000000100000 (  10)                 .FILL x0020
(306F) 0065  0000000001100101 (  10)                 .FILL x0065
(3070) 0078  0000000001111000 (  10)                 .FILL x0078
(3071) 0069  0000000001101001 (  10)                 .FILL x0069
(3072) 0074  0000000001110100 (  10)                 .FILL x0074
(3073) 000A  0000000000001010 (  10)                 .FILL x000A
(3074) 003E  0000000000111110 (  10)                 .FILL x003E
(3075) 0020  0000000000100000 (  10)                 .FILL x0020
(3076) 0000  0000000000000000 (  10)                 .FILL x0000
(3077) 000A  0000000000001010 (  11) CipherPrompt    .FILL x000A
(3078) 0045  0000000001000101 (  11)                 .FILL x0045
(3079) 006E  0000000001101110 (  11)                 .FILL x006E
(307A) 0074  0000000001110100 (  11)                 .FILL x0074
(307B) 0065  0000000001100101 (  11)                 .FILL x0065
(307C) 0072  0000000001110010 (  11)                 .FILL x0072
(307D) 0020  0000000000100000 (  11)                 .FILL x0020
(307E) 0061  0000000001100001 (  11)                 .FILL x0061
(307F) 0020  0000000000100000 (  11)                 .FILL x0020
(3080) 0063  0000000001100011 (  11)                 .FILL x0063
(3081) 0069  0000000001101001 (  11)                 .FILL x0069
(3082) 0070  0000000001110000 (  11)                 .FILL x0070
(3083) 0068  0000000001101000 (  11)                 .FILL x0068
(3084) 0065  0000000001100101 (  11)                 .FILL x0065
(3085) 0072  0000000001110010 (  11)                 .FILL x0072
(3086) 0020  0000000000100000 (  11)                 .FILL x0020
(3087) 0028  0000000000101000 (  11)                 .FILL x0028
(3088) 0031  0000000000110001 (  11)                 .FILL x0031
(3089) 002D  0000000000101101 (  11)                 .FILL x002D
(308A) 0032  0000000000110010 (  11)                 .FILL x0032
(308B) 0035  0000000000110101 (  11)                 .FILL x0035
(308C) 0029  0000000000101001 (  11)                 .FILL x0029
(308D) 000A  0000000000001010 (  11)                 .FILL x000A
(308E) 003E  0000000000111110 (  11)                 .FILL x003E
(308F) 0020  0000000000100000 (  11)                 .FILL x0020
(3090) 0000  0000000000000000 (  11)                 .FILL x0000
(3091) 000A  0000000000001010 (  12) String          .FILL x000A
(3092) 0045  0000000001000101 (  12)                 .FILL x0045
(3093) 006E  0000000001101110 (  12)                 .FILL x006E
(3094) 0074  0000000001110100 (  12)                 .FILL x0074
(3095) 0065  0000000001100101 (  12)                 .FILL x0065
(3096) 0072  0000000001110010 (  12)                 .FILL x0072
(3097) 0020  0000000000100000 (  12)                 .FILL x0020
(3098) 0061  0000000001100001 (  12)                 .FILL x0061
(3099) 0020  0000000000100000 (  12)                 .FILL x0020
(309A) 0073  0000000001110011 (  12)                 .FILL x0073
(309B) 0074  0000000001110100 (  12)                 .FILL x0074
(309C) 0072  0000000001110010 (  12)                 .FILL x0072
(309D) 0069  0000000001101001 (  12)                 .FILL x0069
(309E) 006E  0000000001101110 (  12)                 .FILL x006E
(309F) 0067  0000000001100111 (  12)                 .FILL x0067
(30A0) 0020  0000000000100000 (  12)                 .FILL x0020
(30A1) 0074  0000000001110100 (  12)                 .FILL x0074
(30A2) 006F  0000000001101111 (  12)                 .FILL x006F
(30A3) 0020  0000000000100000 (  12)                 .FILL x0020
(30A4) 0065  0000000001100101 (  12)                 .FILL x0065
(30A5) 006E  0000000001101110 (  12)                 .FILL x006E
(30A6) 0063  0000000001100011 (  12)                 .FILL x0063
(30A7) 0072  0000000001110010 (  12)                 .FILL x0072
(30A8) 0079  0000000001111001 (  12)                 .FILL x0079
(30A9) 0070  0000000001110000 (  12)                 .FILL x0070
(30AA) 0074  0000000001110100 (  12)                 .FILL x0074
(30AB) 002F  0000000000101111 (  12)                 .FILL x002F
(30AC) 0064  0000000001100100 (  12)                 .FILL x0064
(30AD) 0065  0000000001100101 (  12)                 .FILL x0065
(30AE) 0063  0000000001100011 (  12)                 .FILL x0063
(30AF) 0072  0000000001110010 (  12)                 .FILL x0072
(30B0) 0079  0000000001111001 (  12)                 .FILL x0079
(30B1) 0070  0000000001110000 (  12)                 .FILL x0070
(30B2) 0074  0000000001110100 (  12)                 .FILL x0074
(30B3) 0028  0000000000101000 (  12)                 .FILL x0028
(30B4) 0075  0000000001110101 (  12)                 .FILL x0075
(30B5) 0070  0000000001110000 (  12)                 .FILL x0070
(30B6) 0020  0000000000100000 (  12)                 .FILL x0020
(30B7) 0074  0000000001110100 (  12)                 .FILL x0074
(30B8) 006F  0000000001101111 (  12)                 .FILL x006F
(30B9) 0020  0000000000100000 (  12)                 .FILL x0020
(30BA) 0032  0000000000110010 (  12)                 .FILL x0032
(30BB) 0030  0000000000110000 (  12)                 .FILL x0030
(30BC) 0030  0000000000110000 (  12)                 .FILL x0030
(30BD) 0020  0000000000100000 (  12)                 .FILL x0020
(30BE) 0063  0000000001100011 (  12)                 .FILL x0063
(30BF) 0068  0000000001101000 (  12)                 .FILL x0068
(30C0) 0061  0000000001100001 (  12)                 .FILL x0061
(30C1) 0072  0000000001110010 (  12)                 .FILL x0072
(30C2) 0061  0000000001100001 (  12)                 .FILL x0061
(30C3) 0063  0000000001100011 (  12)                 .FILL x0063
(30C4) 0074  0000000001110100 (  12)                 .FILL x0074
(30C5) 0065  0000000001100101 (  12)                 .FILL x0065
(30C6) 0072  0000000001110010 (  12)                 .FILL x0072
(30C7) 0073  0000000001110011 (  12)                 .FILL x0073
(30C8) 0029  0000000000101001 (  12)                 .FILL x0029
(30C9) 000A  0000000000001010 (  12)                 .FILL x000A
(30CA) 003E  0000000000111110 (  12)                 .FILL x003E
(30CB) 0020  0000000000100000 (  12)                 .FILL x0020
(30CC) 0000  0000000000000000 (  12)                 .FILL x0000
(30CD) 000A  0000000000001010 (  13) Decrypted       .FILL x000A
(30CE) 000A  0000000000001010 (  13)                 .FILL x000A
(30CF) 0048  0000000001001000 (  13)                 .FILL x0048
(30D0) 0065  0000000001100101 (  13)                 .FILL x0065
(30D1) 0072  0000000001110010 (  13)                 .FILL x0072
(30D2) 0065  0000000001100101 (  13)                 .FILL x0065
(30D3) 0020  0000000000100000 (  13)                 .FILL x0020
(30D4) 0069  0000000001101001 (  13)                 .FILL x0069
(30D5) 0073  0000000001110011 (  13)                 .FILL x0073
(30D6) 0020  0000000000100000 (  13)                 .FILL x0020
(30D7) 0079  0000000001111001 (  13)                 .FILL x0079
(30D8) 006F  0000000001101111 (  13)                 .FILL x006F
(30D9) 0075  0000000001110101 (  13)                 .FILL x0075
(30DA) 0072  0000000001110010 (  13)                 .FILL x0072
(30DB) 0020  0000000000100000 (  13)                 .FILL x0020
(30DC) 0073  0000000001110011 (  13)                 .FILL x0073
(30DD) 0074  0000000001110100 (  13)                 .FILL x0074
(30DE) 0072  0000000001110010 (  13)                 .FILL x0072
(30DF) 0069  0000000001101001 (  13)                 .FILL x0069
(30E0) 006E  0000000001101110 (  13)                 .FILL x006E
(30E1) 0067  0000000001100111 (  13)                 .FILL x0067
(30E2) 0020  0000000000100000 (  13)                 .FILL x0020
(30E3) 0061  0000000001100001 (  13)                 .FILL x0061
(30E4) 006E  0000000001101110 (  13)                 .FILL x006E
(30E5) 0064  0000000001100100 (  13)                 .FILL x0064
(30E6) 0020  0000000000100000 (  13)                 .FILL x0020
(30E7) 0074  0000000001110100 (  13)                 .FILL x0074
(30E8) 0068  0000000001101000 (  13)                 .FILL x0068
(30E9) 0065  0000000001100101 (  13)                 .FILL x0065
(30EA) 0020  0000000000100000 (  13)                 .FILL x0020
(30EB) 0064  0000000001100100 (  13)                 .FILL x0064
(30EC) 0065  0000000001100101 (  13)                 .FILL x0065
(30ED) 0063  0000000001100011 (  13)                 .FILL x0063
(30EE) 0072  0000000001110010 (  13)                 .FILL x0072
(30EF) 0079  0000000001111001 (  13)                 .FILL x0079
(30F0) 0070  0000000001110000 (  13)                 .FILL x0070
(30F1) 0074  0000000001110100 (  13)                 .FILL x0074
(30F2) 0069  0000000001101001 (  13)                 .FILL x0069
(30F3) 006F  0000000001101111 (  13)                 .FILL x006F
(30F4) 006E  0000000001101110 (  13)                 .FILL x006E
(30F5) 0020  0000000000100000 (  13)                 .FILL x0020
(30F6) 006F  0000000001101111 (  13)                 .FILL x006F
(30F7) 0066  0000000001100110 (  13)                 .FILL x0066
(30F8) 0020  0000000000100000 (  13)                 .FILL x0020
(30F9) 0069  0000000001101001 (  13)                 .FILL x0069
(30FA) 0074  0000000001110100 (  13)                 .FILL x0074
(30FB) 003A  0000000000111010 (  13)                 .FILL x003A
(30FC) 000A  0000000000001010 (  13)                 .FILL x000A
(30FD) 0000  0000000000000000 (  13)                 .FILL x0000
(30FE) 000A  0000000000001010 (  14) Encrypted       .FILL x000A
(30FF) 000A  0000000000001010 (  14)                 .FILL x000A
(3100) 0048  0000000001001000 (  14)                 .FILL x0048
(3101) 0065  0000000001100101 (  14)                 .FILL x0065
(3102) 0072  0000000001110010 (  14)                 .FILL x0072
(3103) 0065  0000000001100101 (  14)                 .FILL x0065
(3104) 0020  0000000000100000 (  14)                 .FILL x0020
(3105) 0069  0000000001101001 (  14)                 .FILL x0069
(3106) 0073  0000000001110011 (  14)                 .FILL x0073
(3107) 0020  0000000000100000 (  14)                 .FILL x0020
(3108) 0079  0000000001111001 (  14)                 .FILL x0079
(3109) 006F  0000000001101111 (  14)                 .FILL x006F
(310A) 0075  0000000001110101 (  14)                 .FILL x0075
(310B) 0072  0000000001110010 (  14)                 .FILL x0072
(310C) 0020  0000000000100000 (  14)                 .FILL x0020
(310D) 0073  0000000001110011 (  14)                 .FILL x0073
(310E) 0074  0000000001110100 (  14)                 .FILL x0074
(310F) 0072  0000000001110010 (  14)                 .FILL x0072
(3110) 0069  0000000001101001 (  14)                 .FILL x0069
(3111) 006E  0000000001101110 (  14)                 .FILL x006E
(3112) 0067  0000000001100111 (  14)                 .FILL x0067
(3113) 0020  0000000000100000 (  14)                 .FILL x0020
(3114) 0061  0000000001100001 (  14)                 .FILL x0061
(3115) 006E  0000000001101110 (  14)                 .FILL x006E
(3116) 0064  0000000001100100 (  14)                 .FILL x0064
(3117) 0020  0000000000100000 (  14)                 .FILL x0020
(3118) 0074  0000000001110100 (  14)                 .FILL x0074
(3119) 0068  0000000001101000 (  14)                 .FILL x0068
(311A) 0065  0000000001100101 (  14)                 .FILL x0065
(311B) 0020  0000000000100000 (  14)                 .FILL x0020
(311C) 0065  0000000001100101 (  14)                 .FILL x0065
(311D) 006E  0000000001101110 (  14)                 .FILL x006E
(311E) 0063  0000000001100011 (  14)                 .FILL x0063
(311F) 0072  0000000001110010 (  14)                 .FILL x0072
(3120) 0079  0000000001111001 (  14)                 .FILL x0079
(3121) 0070  0000000001110000 (  14)                 .FILL x0070
(3122) 0074  0000000001110100 (  14)                 .FILL x0074
(3123) 0069  0000000001101001 (  14)                 .FILL x0069
(3124) 006F  0000000001101111 (  14)                 .FILL x006F
(3125) 006E  0000000001101110 (  14)                 .FILL x006E
(3126) 0020  0000000000100000 (  14)                 .FILL x0020
(3127) 006F  0000000001101111 (  14)                 .FILL x006F
(3128) 0066  0000000001100110 (  14)                 .FILL x0066
(3129) 0020  0000000000100000 (  14)                 .FILL x0020
(312A) 0069  0000000001101001 (  14)                 .FILL x0069
(312B) 0074  0000000001110100 (  14)                 .FILL x0074
(312C) 003A  0000000000111010 (  14)                 .FILL x003A
(312D) 000A  0000000000001010 (  14)                 .FILL x000A
(312E) 0000  0000000000000000 (  14)                 .FILL x0000
(312F) 000A  0000000000001010 (  15) EResult         .FILL x000A
(3130) 003C  0000000000111100 (  15)                 .FILL x003C
(3131) 0045  0000000001000101 (  15)                 .FILL x0045
(3132) 006E  0000000001101110 (  15)                 .FILL x006E
(3133) 0063  0000000001100011 (  15)                 .FILL x0063
(3134) 0072  0000000001110010 (  15)                 .FILL x0072
(3135) 0079  0000000001111001 (  15)                 .FILL x0079
(3136) 0070  0000000001110000 (  15)                 .FILL x0070
(3137) 0074  0000000001110100 (  15)                 .FILL x0074
(3138) 0065  0000000001100101 (  15)                 .FILL x0065
(3139) 0064  0000000001100100 (  15)                 .FILL x0064
(313A) 003E  0000000000111110 (  15)                 .FILL x003E
(313B) 0000  0000000000000000 (  15)                 .FILL x0000
(313C) 000A  0000000000001010 (  16) DResult         .FILL x000A
(313D) 003C  0000000000111100 (  16)                 .FILL x003C
(313E) 0044  0000000001000100 (  16)                 .FILL x0044
(313F) 0065  0000000001100101 (  16)                 .FILL x0065
(3140) 0063  0000000001100011 (  16)                 .FILL x0063
(3141) 0072  0000000001110010 (  16)                 .FILL x0072
(3142) 0079  0000000001111001 (  16)                 .FILL x0079
(3143) 0070  0000000001110000 (  16)                 .FILL x0070
(3144) 0074  0000000001110100 (  16)                 .FILL x0074
(3145) 0065  0000000001100101 (  16)                 .FILL x0065
(3146) 0064  0000000001100100 (  16)                 .FILL x0064
(3147) 003E  0000000000111110 (  16)                 .FILL x003E
(3148) 0000  0000000000000000 (  16)                 .FILL x0000
(3149) 000A  0000000000001010 (  17) OrigResult      .FILL x000A
(314A) 003C  0000000000111100 (  17)                 .FILL x003C
(314B) 004F  0000000001001111 (  17)                 .FILL x004F
(314C) 0072  0000000001110010 (  17)                 .FILL x0072
(314D) 0069  0000000001101001 (  17)                 .FILL x0069
(314E) 0067  0000000001100111 (  17)                 .FILL x0067
(314F) 0069  0000000001101001 (  17)                 .FILL x0069
(3150) 006E  0000000001101110 (  17)                 .FILL x006E
(3151) 0061  0000000001100001 (  17)                 .FILL x0061
(3152) 006C  0000000001101100 (  17)                 .FILL x006C
(3153) 003E  0000000000111110 (  17)                 .FILL x003E
(3154) 0000  0000000000000000 (  17)                 .FILL x0000
(3155) 2020  0010000000100000 (  21) PrintGreating   LD    R0 GreatingAddress
(3156) F022  1111000000100010 (  22)                 TRAP  x22
(3157) 201F  0010000000011111 (  23) Prompt          LD    R0 PromptAddress
(3158) F022  1111000000100010 (  24)                 TRAP  x22
(3159) F020  1111000000100000 (  28) ReadOption      TRAP  x20
(315A) F021  1111000000100001 (  29)                 TRAP  x21
(315B) 2228  0010001000101000 (  33)                 LD    R1 XComp
(315C) 1240  0001001001000000 (  34)                 ADD   R1 R1 R0
(315D) 0417  0000010000010111 (  35)                 BRZ   Finish
(315E) 2222  0010001000100010 (  39)                 LD    R1 EComp
(315F) 1240  0001001001000000 (  40)                 ADD   R1 R1 R0
(3160) 0401  0000010000000001 (  44)                 BRZ   SetFlag
(3161) 0A01  0000101000000001 (  45)                 BRNP  GetCipher
(3162) 4833  0100100000110011 (  46) SetFlag         JSR   SetEncryptFlag
(3163) 2014  0010000000010100 (  50) GetCipher       LD    R0 CipherMessAdd
(3164) F022  1111000000100010 (  51)                 TRAP  x22
(3165) 4834  0100100000110100 (  52)                 JSR   ReadCipher
(3166) 2012  0010000000010010 (  56)                 LD    R0 StringMessAdd
(3167) F022  1111000000100010 (  57)                 TRAP  x22
(3168) 4848  0100100001001000 (  58)                 JSR   ReadString
(3169) 2021  0010000000100001 (  62)                 LD    R0 EncryptFlag
(316A) 0202  0000001000000010 (  63)                 BRP   encryptMessage
(316B) 48D1  0100100011010001 (  67) decryptMessage  JSR   Decrypt
(316C) 0E01  0000111000000001 (  68)                 BRNZP printMessage
(316D) 48B3  0100100010110011 (  72) encryptMessage  JSR   Encrypt
(316E) 48EC  0100100011101100 (  76) printMessage    JSR   PrintArray
(316F) 5020  0101000000100000 (  77)                 AND   R0 R0 #0
(3170) 301A  0011000000011010 (  81)                 ST    R0 EncryptFlag
(3171) 102A  0001000000101010 (  82)                 ADD   R0 R0 #10
(3172) F021  1111000000100001 (  86)                 TRAP  x21
(3173) F021  1111000000100001 (  87)                 TRAP  x21
(3174) 0FE2  0000111111100010 (  91)                 BRNZP Prompt
(3175) F025  1111000000100101 (  92) Finish          TRAP  x25
(3176) 3000  0011000000000000 (  96) GreatingAddress .FILL x3000
(3177) 303B  0011000000111011 (  97) PromptAddress   .FILL x303B
(3178) 3077  0011000001110111 (  98) CipherMessAdd   .FILL x3077
(3179) 3091  0011000010010001 (  99) StringMessAdd   .FILL x3091
(317A) 3279  0011001001111001 ( 100) ArrayAddress    .FILL x3279
(317B) 312F  0011000100101111 ( 101) EncResAdd       .FILL x312F
(317C) 313C  0011000100111100 ( 102) DecResAdd       .FILL x313C
(317D) 3149  0011000101001001 ( 103) OrigResAdd      .FILL x3149
(317E) 30CD  0011000011001101 ( 104) DecryptResult   .FILL x30CD
(317F) 30FE  0011000011111110 ( 105) EncryptResult   .FILL x30FE
(3180) FFBC  1111111110111100 ( 109) DComp           .FILL xFFBC
(3181) FFBB  1111111110111011 ( 110) EComp           .FILL xFFBB
(3182) FFD0  1111111111010000 ( 111) ZeroComp        .FILL xFFD0
(3183) FFF6  1111111111110110 ( 112) NLComp          .FILL xFFF6
(3184) FFA8  1111111110101000 ( 113) XComp           .FILL xFFA8
(3185) FFBF  1111111110111111 ( 114) AComp           .FILL xFFBF
(3186) FFA6  1111111110100110 ( 115) ZComp           .FILL xFFA6
(3187) FF9F  1111111110011111 ( 116) aComp           .FILL xFF9F
(3188) FF86  1111111110000110 ( 117) zComp           .FILL xFF86
(3189) FFB2  1111111110110010 ( 118) NComp           .FILL xFFB2
(318A) FF92  1111111110010010 ( 119) nComp           .FILL xFF92
(318B) 0000  0000000000000000 ( 123) EncryptFlag     .FILL x0000
(318C) 0000  0000000000000000 ( 124) ReadCipherR7    .FILL x0000
(318D) 0001  0000000000000001 ( 125) AlphabetFlag    .FILL x0001
(318E) 0001  0000000000000001 ( 126) UpperPartFlag   .FILL x0001
(318F) 0000  0000000000000000 ( 127) Cipher          .FILL x0000
(3190) 0000  0000000000000000 ( 128) RegisterOne     .FILL x0000
(3191) 0000  0000000000000000 ( 129) RegisterTwo     .FILL x0000
(3192) 0000  0000000000000000 ( 130) RegisterThree   .FILL x0000
(3193) 0000  0000000000000000 ( 131) RegisterSeven   .FILL x0000
(3194) 0064  0000000001100100 ( 132) NumberOfColumns .FILL x0064
(3195) 001A  0000000000011010 ( 133) numbOfLetters   .FILL x001A
(3196) 5260  0101001001100000 ( 140) SetEncryptFlag  AND   R1 R1 #0
(3197) 1261  0001001001100001 ( 141)                 ADD   R1 R1 #1
(3198) 33F2  0011001111110010 ( 142)                 ST    R1 EncryptFlag
(3199) C1C0  1100000111000000 ( 143)                 RET   
(319A) 3FF1  0011111111110001 ( 147) ReadCipher      ST    R7 ReadCipherR7
(319B) 54A0  0101010010100000 ( 148)                 AND   R2 R2 #0
(319C) 35F2  0011010111110010 ( 149)                 ST    R2 Cipher
(319D) F020  1111000000100000 ( 150) ReadAgainC      TRAP  x20
(319E) F021  1111000000100001 ( 151)                 TRAP  x21
(319F) 25E3  0010010111100011 ( 152)                 LD    R2 NLComp
(31A0) 1480  0001010010000000 ( 153)                 ADD   R2 R2 R0
(31A1) 040C  0000010000001100 ( 154)                 BRZ   returnRC
(31A2) 25EC  0010010111101100 ( 155)                 LD    R2 Cipher
(31A3) 5260  0101001001100000 ( 156)                 AND   R1 R1 #0
(31A4) 1269  0001001001101001 ( 157)                 ADD   R1 R1 #9
(31A5) 16A0  0001011010100000 ( 158)                 ADD   R3 R2 #0
(31A6) 1483  0001010010000011 ( 159) Multiply        ADD   R2 R2 R3
(31A7) 127F  0001001001111111 ( 160)                 ADD   R1 R1 #-1
(31A8) 03FD  0000001111111101 ( 161)                 BRP   Multiply
(31A9) 23D8  0010001111011000 ( 162)                 LD    R1 ZeroComp
(31AA) 1001  0001000000000001 ( 163)                 ADD   R0 R0 R1
(31AB) 1480  0001010010000000 ( 164)                 ADD   R2 R2 R0
(31AC) 35E2  0011010111100010 ( 165)                 ST    R2 Cipher
(31AD) 0FEF  0000111111101111 ( 166)                 BRNZP ReadAgainC
(31AE) 2FDD  0010111111011101 ( 167) returnRC        LD    R7 ReadCipherR7
(31AF) C1C0  1100000111000000 ( 168)                 RET   
(31B0) 0000  0000000000000000 ( 169) ReadStringR7    .FILL x0000
(31B1) 3FFE  0011111111111110 ( 173) ReadString      ST    R7 ReadStringR7
(31B2) 56E0  0101011011100000 ( 174)                 AND   R3 R3 #0
(31B3) 5920  0101100100100000 ( 175)                 AND   R4 R4 #0
(31B4) F020  1111000000100000 ( 176) ReadAgainS      TRAP  x20
(31B5) F021  1111000000100001 ( 177)                 TRAP  x21
(31B6) 25CC  0010010111001100 ( 178)                 LD    R2 NLComp
(31B7) 1480  0001010010000000 ( 179)                 ADD   R2 R2 R0
(31B8) 0404  0000010000000100 ( 180)                 BRZ   returnRS
(31B9) 1A20  0001101000100000 ( 181)                 ADD   R5 R0 #0
(31BA) 4806  0100100000000110 ( 182)                 JSR   Store
(31BB) 1921  0001100100100001 ( 183)                 ADD   R4 R4 #1
(31BC) 0FF7  0000111111110111 ( 184)                 BRNZP ReadAgainS
(31BD) 5B60  0101101101100000 ( 185) returnRS        AND   R5 R5 #0
(31BE) 4802  0100100000000010 ( 186)                 JSR   Store
(31BF) 2FF0  0010111111110000 ( 187)                 LD    R7 ReadStringR7
(31C0) C1C0  1100000111000000 ( 188)                 RET   
(31C1) 33CE  0011001111001110 ( 192) Store           ST    R1 RegisterOne
(31C2) 35CE  0011010111001110 ( 193)                 ST    R2 RegisterTwo
(31C3) 37CE  0011011111001110 ( 194)                 ST    R3 RegisterThree
(31C4) 2DB5  0010110110110101 ( 196)                 LD    R6 ArrayAddress
(31C5) 23CE  0010001111001110 ( 197)                 LD    R1 NumberOfColumns
(31C6) 14E0  0001010011100000 ( 198)                 ADD   R2 R3 #0
(31C7) 14BF  0001010010111111 ( 199) MultS           ADD   R2 R2 #-1
(31C8) 0802  0000100000000010 ( 200)                 BRN   DoneS
(31C9) 1D81  0001110110000001 ( 201)                 ADD   R6 R6 R1
(31CA) 0FFC  0000111111111100 ( 202)                 BRNZP MultS
(31CB) 1D84  0001110110000100 ( 203) DoneS           ADD   R6 R6 R4
(31CC) 7B80  0111101110000000 ( 204)                 STR   R5 R6 #0
(31CD) 23C2  0010001111000010 ( 206)                 LD    R1 RegisterOne
(31CE) 25C2  0010010111000010 ( 207)                 LD    R2 RegisterTwo
(31CF) 27C2  0010011111000010 ( 208)                 LD    R3 RegisterThree
(31D0) C1C0  1100000111000000 ( 209)                 RET   
(31D1) 33BE  0011001110111110 ( 213) Load            ST    R1 RegisterOne
(31D2) 35BE  0011010110111110 ( 214)                 ST    R2 RegisterTwo
(31D3) 37BE  0011011110111110 ( 215)                 ST    R3 RegisterThree
(31D4) 2DA5  0010110110100101 ( 217)                 LD    R6 ArrayAddress
(31D5) 23BE  0010001110111110 ( 218)                 LD    R1 NumberOfColumns
(31D6) 14E0  0001010011100000 ( 219)                 ADD   R2 R3 #0
(31D7) 14BF  0001010010111111 ( 220) MultL           ADD   R2 R2 #-1
(31D8) 0802  0000100000000010 ( 221)                 BRN   DoneL
(31D9) 1D81  0001110110000001 ( 222)                 ADD   R6 R6 R1
(31DA) 0FFC  0000111111111100 ( 223)                 BRNZP MultL
(31DB) 1D84  0001110110000100 ( 224) DoneL           ADD   R6 R6 R4
(31DC) 6B80  0110101110000000 ( 225)                 LDR   R5 R6 #0
(31DD) 23B2  0010001110110010 ( 227)                 LD    R1 RegisterOne
(31DE) 25B2  0010010110110010 ( 228)                 LD    R2 RegisterTwo
(31DF) 27B2  0010011110110010 ( 229)                 LD    R3 RegisterThree
(31E0) C1C0  1100000111000000 ( 230)                 RET   
(31E1) 21A9  0010000110101001 ( 235) CheckUpper      LD    R0 EncryptFlag
(31E2) 0416  0000010000010110 ( 236)                 BRZ   checkDecrypt
(31E3) 21A2  0010000110100010 ( 237) checkEncrypt    LD    R0 ZComp
(31E4) 23AA  0010001110101010 ( 238)                 LD    R1 Cipher
(31E5) 1001  0001000000000001 ( 239)                 ADD   R0 R0 R1
(31E6) 103F  0001000000111111 ( 240)                 ADD   R0 R0 #-1
(31E7) 1005  0001000000000101 ( 241)                 ADD   R0 R0 R5
(31E8) 0809  0000100000001001 ( 242)                 BRN   SetInLower
(31E9) 219C  0010000110011100 ( 243)                 LD    R0 ZComp
(31EA) 1005  0001000000000101 ( 244)                 ADD   R0 R0 R5
(31EB) 0C09  0000110000001001 ( 245)                 BRNZ  SetInUpper
(31EC) 219B  0010000110011011 ( 246)                 LD    R0 zComp
(31ED) 1001  0001000000000001 ( 247)                 ADD   R0 R0 R1
(31EE) 103F  0001000000111111 ( 248)                 ADD   R0 R0 #-1
(31EF) 1005  0001000000000101 ( 249)                 ADD   R0 R0 R5
(31F0) 0801  0000100000000001 ( 250)                 BRN   SetInLower
(31F1) 0603  0000011000000011 ( 251)                 BRZP  SetInUpper
(31F2) 5020  0101000000100000 ( 252) SetInLower      AND   R0 R0 #0
(31F3) 319A  0011000110011010 ( 253)                 ST    R0 UpperPartFlag
(31F4) 0E15  0000111000010101 ( 254)                 BRNZP retCheckUp
(31F5) 5020  0101000000100000 ( 255) SetInUpper      AND   R0 R0 #0
(31F6) 1021  0001000000100001 ( 256)                 ADD   R0 R0 #1
(31F7) 3196  0011000110010110 ( 257)                 ST    R0 UpperPartFlag
(31F8) 0E11  0000111000010001 ( 258)                 BRNZP retCheckUp
(31F9) 218B  0010000110001011 ( 259) checkDecrypt    LD    R0 AComp
(31FA) 2394  0010001110010100 ( 260)                 LD    R1 Cipher
(31FB) 947F  1001010001111111 ( 261)                 NOT   R2 R1
(31FC) 14A1  0001010010100001 ( 262)                 ADD   R2 R2 #1
(31FD) 1480  0001010010000000 ( 263)                 ADD   R2 R2 R0
(31FE) 1485  0001010010000101 ( 264)                 ADD   R2 R2 R5
(31FF) 09F2  0000100111110010 ( 265)                 BRN   SetInLower
(3200) 2185  0010000110000101 ( 266)                 LD    R0 ZComp
(3201) 1405  0001010000000101 ( 267)                 ADD   R2 R0 R5
(3202) 0DF2  0000110111110010 ( 268)                 BRNZ  SetInUpper
(3203) 2183  0010000110000011 ( 269) checkOther      LD    R0 aComp
(3204) 947F  1001010001111111 ( 270)                 NOT   R2 R1
(3205) 14A1  0001010010100001 ( 271)                 ADD   R2 R2 #1
(3206) 1402  0001010000000010 ( 272)                 ADD   R2 R0 R2
(3207) 1485  0001010010000101 ( 273)                 ADD   R2 R2 R5
(3208) 09E9  0000100111101001 ( 274)                 BRN   SetInLower
(3209) 07EB  0000011111101011 ( 275)                 BRZP  SetInUpper
(320A) C1C0  1100000111000000 ( 276) retCheckUp      RET   
(320B) 2579  0010010101111001 ( 280) CheckInAlhabet  LD    R2 AComp
(320C) 1485  0001010010000101 ( 281)                 ADD   R2 R2 R5
(320D) 080C  0000100000001100 ( 282)                 BRN   NotInAlphabet
(320E) 2578  0010010101111000 ( 283)                 LD    R2 aComp
(320F) 1485  0001010010000101 ( 284)                 ADD   R2 R2 R5
(3210) 0802  0000100000000010 ( 285)                 BRN   CheckBetween
(3211) 0204  0000001000000100 ( 286)                 BRP   CheckLast
(3212) 040A  0000010000001010 ( 287)                 BRZ   IsInAlphabet
(3213) 2572  0010010101110010 ( 288) CheckBetween    LD    R2 ZComp
(3214) 1485  0001010010000101 ( 289)                 ADD   R2 R2 R5
(3215) 0204  0000001000000100 ( 290)                 BRP   NotInAlphabet
(3216) 2571  0010010101110001 ( 291) CheckLast       LD    R2 zComp
(3217) 1485  0001010010000101 ( 292)                 ADD   R2 R2 R5
(3218) 0201  0000001000000001 ( 293)                 BRP   NotInAlphabet
(3219) 0C03  0000110000000011 ( 294)                 BRNZ  IsInAlphabet
(321A) 54A0  0101010010100000 ( 295) NotInAlphabet   AND   R2 R2 #0
(321B) 3571  0011010101110001 ( 296)                 ST    R2 AlphabetFlag
(321C) 0E03  0000111000000011 ( 297)                 BRNZP returnCheck
(321D) 54A0  0101010010100000 ( 298) IsInAlphabet    AND   R2 R2 #0
(321E) 14A1  0001010010100001 ( 299)                 ADD   R2 R2 #1
(321F) 356D  0011010101101101 ( 300)                 ST    R2 AlphabetFlag
(3220) C1C0  1100000111000000 ( 301) returnCheck     RET   
(3221) 3F71  0011111101110001 ( 305) Encrypt         ST    R7 RegisterSeven
(3222) 56E0  0101011011100000 ( 306)                 AND   R3 R3 #0
(3223) 5920  0101100100100000 ( 307)                 AND   R4 R4 #0
(3224) 236A  0010001101101010 ( 309)                 LD    R1 Cipher
(3225) 4FAB  0100111110101011 ( 310) ELoadNext       JSR   Load
(3226) 5B45  0101101101000101 ( 311)                 AND   R5 R5 R5
(3227) 0410  0000010000010000 ( 312)                 BRZ   returnEncrypt
(3228) 4FE2  0100111111100010 ( 313)                 JSR   CheckInAlhabet
(3229) 2563  0010010101100011 ( 314)                 LD    R2 AlphabetFlag
(322A) 0408  0000010000001000 ( 315)                 BRZ   EstoreBack
(322B) 4FB5  0100111110110101 ( 316)                 JSR   CheckUpper
(322C) 2561  0010010101100001 ( 317)                 LD    R2 UpperPartFlag
(322D) 0202  0000001000000010 ( 318)                 BRP   encryptUpper
(322E) 1B41  0001101101000001 ( 319) encryptLower    ADD   R5 R5 R1
(322F) 0E03  0000111000000011 ( 320)                 BRNZP EstoreBack
(3230) 1270  0001001001110000 ( 321) encryptUpper    ADD   R1 R1 #-16
(3231) 1276  0001001001110110 ( 322)                 ADD   R1 R1 #-10
(3232) 1B41  0001101101000001 ( 323)                 ADD   R5 R5 R1
(3233) 16E1  0001011011100001 ( 324) EstoreBack      ADD   R3 R3 #1
(3234) 4F8C  0100111110001100 ( 325)                 JSR   Store
(3235) 16FF  0001011011111111 ( 326)                 ADD   R3 R3 #-1
(3236) 1921  0001100100100001 ( 327)                 ADD   R4 R4 #1
(3237) 0FED  0000111111101101 ( 328)                 BRNZP ELoadNext
(3238) 5B60  0101101101100000 ( 329) returnEncrypt   AND   R5 R5 #0
(3239) 16E1  0001011011100001 ( 330)                 ADD   R3 R3 #1
(323A) 4F86  0100111110000110 ( 331)                 JSR   Store
(323B) 2F57  0010111101010111 ( 332)                 LD    R7 RegisterSeven
(323C) C1C0  1100000111000000 ( 333)                 RET   
(323D) 3F55  0011111101010101 ( 337) Decrypt         ST    R7 RegisterSeven
(323E) 56E0  0101011011100000 ( 338)                 AND   R3 R3 #0
(323F) 5920  0101100100100000 ( 339)                 AND   R4 R4 #0
(3240) 4F90  0100111110010000 ( 341) DLoadNext       JSR   Load
(3241) 5B45  0101101101000101 ( 342)                 AND   R5 R5 R5
(3242) 0413  0000010000010011 ( 343)                 BRZ   returnDecrypt
(3243) 4FC7  0100111111000111 ( 344)                 JSR   CheckInAlhabet
(3244) 2548  0010010101001000 ( 345)                 LD    R2 AlphabetFlag
(3245) 040B  0000010000001011 ( 346)                 BRZ   DstoreBack
(3246) 4F9A  0100111110011010 ( 347)                 JSR   CheckUpper
(3247) 2347  0010001101000111 ( 348)                 LD    R1 Cipher
(3248) 927F  1001001001111111 ( 349)                 NOT   R1 R1
(3249) 1261  0001001001100001 ( 350)                 ADD   R1 R1 #1
(324A) 2543  0010010101000011 ( 351)                 LD    R2 UpperPartFlag
(324B) 0204  0000001000000100 ( 352)                 BRP   decryptUpper
(324C) 126F  0001001001101111 ( 353) decryptLower    ADD   R1 R1 #15
(324D) 126B  0001001001101011 ( 354)                 ADD   R1 R1 #11
(324E) 1B41  0001101101000001 ( 355)                 ADD   R5 R5 R1
(324F) 0E01  0000111000000001 ( 356)                 BRNZP DstoreBack
(3250) 1B41  0001101101000001 ( 357) decryptUpper    ADD   R5 R5 R1
(3251) 16E1  0001011011100001 ( 358) DstoreBack      ADD   R3 R3 #1
(3252) 4F6E  0100111101101110 ( 359)                 JSR   Store
(3253) 16FF  0001011011111111 ( 360)                 ADD   R3 R3 #-1
(3254) 1921  0001100100100001 ( 361)                 ADD   R4 R4 #1
(3255) 0FEA  0000111111101010 ( 362)                 BRNZP DLoadNext
(3256) 16E1  0001011011100001 ( 363) returnDecrypt   ADD   R3 R3 #1
(3257) 5B60  0101101101100000 ( 364)                 AND   R5 R5 #0
(3258) 4F68  0100111101101000 ( 365)                 JSR   Store
(3259) 2F39  0010111100111001 ( 366)                 LD    R7 RegisterSeven
(325A) C1C0  1100000111000000 ( 367)                 RET   
(325B) 3F37  0011111100110111 ( 371) PrintArray      ST    R7 RegisterSeven
(325C) 212E  0010000100101110 ( 372)                 LD    R0 EncryptFlag
(325D) 040D  0000010000001101 ( 373)                 BRZ   PrintDecrypt
(325E) 2120  0010000100100000 ( 374) PrintEncrypt    LD    R0 EncryptResult
(325F) F022  1111000000100010 ( 375)                 TRAP  x22
(3260) 211C  0010000100011100 ( 376)                 LD    R0 OrigResAdd
(3261) F022  1111000000100010 ( 377)                 TRAP  x22
(3262) 2117  0010000100010111 ( 378)                 LD    R0 ArrayAddress
(3263) F022  1111000000100010 ( 379)                 TRAP  x22
(3264) 2116  0010000100010110 ( 380)                 LD    R0 EncResAdd
(3265) F022  1111000000100010 ( 381)                 TRAP  x22
(3266) 2113  0010000100010011 ( 382)                 LD    R0 ArrayAddress
(3267) 232C  0010001100101100 ( 383)                 LD    R1 NumberOfColumns
(3268) 1001  0001000000000001 ( 384)                 ADD   R0 R0 R1
(3269) F022  1111000000100010 ( 385)                 TRAP  x22
(326A) 0E0C  0000111000001100 ( 386)                 BRNZP returnPrint
(326B) 2112  0010000100010010 ( 387) PrintDecrypt    LD    R0 DecryptResult
(326C) F022  1111000000100010 ( 388)                 TRAP  x22
(326D) 210D  0010000100001101 ( 389)                 LD    R0 EncResAdd
(326E) F022  1111000000100010 ( 390)                 TRAP  x22
(326F) 210A  0010000100001010 ( 391)                 LD    R0 ArrayAddress
(3270) F022  1111000000100010 ( 392)                 TRAP  x22
(3271) 210A  0010000100001010 ( 393)                 LD    R0 DecResAdd
(3272) F022  1111000000100010 ( 394)                 TRAP  x22
(3273) 2106  0010000100000110 ( 395)                 LD    R0 ArrayAddress
(3274) 231F  0010001100011111 ( 396)                 LD    R1 NumberOfColumns
(3275) 1001  0001000000000001 ( 397)                 ADD   R0 R0 R1
(3276) F022  1111000000100010 ( 398)                 TRAP  x22
(3277) 2F1B  0010111100011011 ( 399) returnPrint     LD    R7 RegisterSeven
(3278) C1C0  1100000111000000 ( 400)                 RET   
(3279) 0000  0000000000000000 ( 405) Array           .FILL x0000
(327A) 0000  0000000000000000 ( 405)                 .FILL x0000
(327B) 0000  0000000000000000 ( 405)                 .FILL x0000
(327C) 0000  0000000000000000 ( 405)                 .FILL x0000
(327D) 0000  0000000000000000 ( 405)                 .FILL x0000
(327E) 0000  0000000000000000 ( 405)                 .FILL x0000
(327F) 0000  0000000000000000 ( 405)                 .FILL x0000
(3280) 0000  0000000000000000 ( 405)                 .FILL x0000
(3281) 0000  0000000000000000 ( 405)                 .FILL x0000
(3282) 0000  0000000000000000 ( 405)                 .FILL x0000
(3283) 0000  0000000000000000 ( 405)                 .FILL x0000
(3284) 0000  0000000000000000 ( 405)                 .FILL x0000
(3285) 0000  0000000000000000 ( 405)                 .FILL x0000
(3286) 0000  0000000000000000 ( 405)                 .FILL x0000
(3287) 0000  0000000000000000 ( 405)                 .FILL x0000
(3288) 0000  0000000000000000 ( 405)                 .FILL x0000
(3289) 0000  0000000000000000 ( 405)                 .FILL x0000
(328A) 0000  0000000000000000 ( 405)                 .FILL x0000
(328B) 0000  0000000000000000 ( 405)                 .FILL x0000
(328C) 0000  0000000000000000 ( 405)                 .FILL x0000
(328D) 0000  0000000000000000 ( 405)                 .FILL x0000
(328E) 0000  0000000000000000 ( 405)                 .FILL x0000
(328F) 0000  0000000000000000 ( 405)                 .FILL x0000
(3290) 0000  0000000000000000 ( 405)                 .FILL x0000
(3291) 0000  0000000000000000 ( 405)                 .FILL x0000
(3292) 0000  0000000000000000 ( 405)                 .FILL x0000
(3293) 0000  0000000000000000 ( 405)                 .FILL x0000
(3294) 0000  0000000000000000 ( 405)                 .FILL x0000
(3295) 0000  0000000000000000 ( 405)                 .FILL x0000
(3296) 0000  0000000000000000 ( 405)                 .FILL x0000
(3297) 0000  0000000000000000 ( 405)                 .FILL x0000
(3298) 0000  0000000000000000 ( 405)                 .FILL x0000
(3299) 0000  0000000000000000 ( 405)                 .FILL x0000
(329A) 0000  0000000000000000 ( 405)                 .FILL x0000
(329B) 0000  0000000000000000 ( 405)                 .FILL x0000
(329C) 0000  0000000000000000 ( 405)                 .FILL x0000
(329D) 0000  0000000000000000 ( 405)                 .FILL x0000
(329E) 0000  0000000000000000 ( 405)                 .FILL x0000
(329F) 0000  0000000000000000 ( 405)                 .FILL x0000
(32A0) 0000  0000000000000000 ( 405)                 .FILL x0000
(32A1) 0000  0000000000000000 ( 405)                 .FILL x0000
(32A2) 0000  0000000000000000 ( 405)                 .FILL x0000
(32A3) 0000  0000000000000000 ( 405)                 .FILL x0000
(32A4) 0000  0000000000000000 ( 405)                 .FILL x0000
(32A5) 0000  0000000000000000 ( 405)                 .FILL x0000
(32A6) 0000  0000000000000000 ( 405)                 .FILL x0000
(32A7) 0000  0000000000000000 ( 405)                 .FILL x0000
(32A8) 0000  0000000000000000 ( 405)                 .FILL x0000
(32A9) 0000  0000000000000000 ( 405)                 .FILL x0000
(32AA) 0000  0000000000000000 ( 405)                 .FILL x0000
(32AB) 0000  0000000000000000 ( 405)                 .FILL x0000
(32AC) 0000  0000000000000000 ( 405)                 .FILL x0000
(32AD) 0000  0000000000000000 ( 405)                 .FILL x0000
(32AE) 0000  0000000000000000 ( 405)                 .FILL x0000
(32AF) 0000  0000000000000000 ( 405)                 .FILL x0000
(32B0) 0000  0000000000000000 ( 405)                 .FILL x0000
(32B1) 0000  0000000000000000 ( 405)                 .FILL x0000
(32B2) 0000  0000000000000000 ( 405)                 .FILL x0000
(32B3) 0000  0000000000000000 ( 405)                 .FILL x0000
(32B4) 0000  0000000000000000 ( 405)                 .FILL x0000
(32B5) 0000  0000000000000000 ( 405)                 .FILL x0000
(32B6) 0000  0000000000000000 ( 405)                 .FILL x0000
(32B7) 0000  0000000000000000 ( 405)                 .FILL x0000
(32B8) 0000  0000000000000000 ( 405)                 .FILL x0000
(32B9) 0000  0000000000000000 ( 405)                 .FILL x0000
(32BA) 0000  0000000000000000 ( 405)                 .FILL x0000
(32BB) 0000  0000000000000000 ( 405)                 .FILL x0000
(32BC) 0000  0000000000000000 ( 405)                 .FILL x0000
(32BD) 0000  0000000000000000 ( 405)                 .FILL x0000
(32BE) 0000  0000000000000000 ( 405)                 .FILL x0000
(32BF) 0000  0000000000000000 ( 405)                 .FILL x0000
(32C0) 0000  0000000000000000 ( 405)                 .FILL x0000
(32C1) 0000  0000000000000000 ( 405)                 .FILL x0000
(32C2) 0000  0000000000000000 ( 405)                 .FILL x0000
(32C3) 0000  0000000000000000 ( 405)                 .FILL x0000
(32C4) 0000  0000000000000000 ( 405)                 .FILL x0000
(32C5) 0000  0000000000000000 ( 405)                 .FILL x0000
(32C6) 0000  0000000000000000 ( 405)                 .FILL x0000
(32C7) 0000  0000000000000000 ( 405)                 .FILL x0000
(32C8) 0000  0000000000000000 ( 405)                 .FILL x0000
(32C9) 0000  0000000000000000 ( 405)                 .FILL x0000
(32CA) 0000  0000000000000000 ( 405)                 .FILL x0000
(32CB) 0000  0000000000000000 ( 405)                 .FILL x0000
(32CC) 0000  0000000000000000 ( 405)                 .FILL x0000
(32CD) 0000  0000000000000000 ( 405)                 .FILL x0000
(32CE) 0000  0000000000000000 ( 405)                 .FILL x0000
(32CF) 0000  0000000000000000 ( 405)                 .FILL x0000
(32D0) 0000  0000000000000000 ( 405)                 .FILL x0000
(32D1) 0000  0000000000000000 ( 405)                 .FILL x0000
(32D2) 0000  0000000000000000 ( 405)                 .FILL x0000
(32D3) 0000  0000000000000000 ( 405)                 .FILL x0000
(32D4) 0000  0000000000000000 ( 405)                 .FILL x0000
(32D5) 0000  0000000000000000 ( 405)                 .FILL x0000
(32D6) 0000  0000000000000000 ( 405)                 .FILL x0000
(32D7) 0000  0000000000000000 ( 405)                 .FILL x0000
(32D8) 0000  0000000000000000 ( 405)                 .FILL x0000
(32D9) 0000  0000000000000000 ( 405)                 .FILL x0000
(32DA) 0000  0000000000000000 ( 405)                 .FILL x0000
(32DB) 0000  0000000000000000 ( 405)                 .FILL x0000
(32DC) 0000  0000000000000000 ( 405)                 .FILL x0000
(32DD) 0000  0000000000000000 ( 405)                 .FILL x0000
(32DE) 0000  0000000000000000 ( 405)                 .FILL x0000
(32DF) 0000  0000000000000000 ( 405)                 .FILL x0000
(32E0) 0000  0000000000000000 ( 405)                 .FILL x0000
(32E1) 0000  0000000000000000 ( 405)                 .FILL x0000
(32E2) 0000  0000000000000000 ( 405)                 .FILL x0000
(32E3) 0000  0000000000000000 ( 405)                 .FILL x0000
(32E4) 0000  0000000000000000 ( 405)                 .FILL x0000
(32E5) 0000  0000000000000000 ( 405)                 .FILL x0000
(32E6) 0000  0000000000000000 ( 405)                 .FILL x0000
(32E7) 0000  0000000000000000 ( 405)                 .FILL x0000
(32E8) 0000  0000000000000000 ( 405)                 .FILL x0000
(32E9) 0000  0000000000000000 ( 405)                 .FILL x0000
(32EA) 0000  0000000000000000 ( 405)                 .FILL x0000
(32EB) 0000  0000000000000000 ( 405)                 .FILL x0000
(32EC) 0000  0000000000000000 ( 405)                 .FILL x0000
(32ED) 0000  0000000000000000 ( 405)                 .FILL x0000
(32EE) 0000  0000000000000000 ( 405)                 .FILL x0000
(32EF) 0000  0000000000000000 ( 405)                 .FILL x0000
(32F0) 0000  0000000000000000 ( 405)                 .FILL x0000
(32F1) 0000  0000000000000000 ( 405)                 .FILL x0000
(32F2) 0000  0000000000000000 ( 405)                 .FILL x0000
(32F3) 0000  0000000000000000 ( 405)                 .FILL x0000
(32F4) 0000  0000000000000000 ( 405)                 .FILL x0000
(32F5) 0000  0000000000000000 ( 405)                 .FILL x0000
(32F6) 0000  0000000000000000 ( 405)                 .FILL x0000
(32F7) 0000  0000000000000000 ( 405)                 .FILL x0000
(32F8) 0000  0000000000000000 ( 405)                 .FILL x0000
(32F9) 0000  0000000000000000 ( 405)                 .FILL x0000
(32FA) 0000  0000000000000000 ( 405)                 .FILL x0000
(32FB) 0000  0000000000000000 ( 405)                 .FILL x0000
(32FC) 0000  0000000000000000 ( 405)                 .FILL x0000
(32FD) 0000  0000000000000000 ( 405)                 .FILL x0000
(32FE) 0000  0000000000000000 ( 405)                 .FILL x0000
(32FF) 0000  0000000000000000 ( 405)                 .FILL x0000
(3300) 0000  0000000000000000 ( 405)                 .FILL x0000
(3301) 0000  0000000000000000 ( 405)                 .FILL x0000
(3302) 0000  0000000000000000 ( 405)                 .FILL x0000
(3303) 0000  0000000000000000 ( 405)                 .FILL x0000
(3304) 0000  0000000000000000 ( 405)                 .FILL x0000
(3305) 0000  0000000000000000 ( 405)                 .FILL x0000
(3306) 0000  0000000000000000 ( 405)                 .FILL x0000
(3307) 0000  0000000000000000 ( 405)                 .FILL x0000
(3308) 0000  0000000000000000 ( 405)                 .FILL x0000
(3309) 0000  0000000000000000 ( 405)                 .FILL x0000
(330A) 0000  0000000000000000 ( 405)                 .FILL x0000
(330B) 0000  0000000000000000 ( 405)                 .FILL x0000
(330C) 0000  0000000000000000 ( 405)                 .FILL x0000
(330D) 0000  0000000000000000 ( 405)                 .FILL x0000
(330E) 0000  0000000000000000 ( 405)                 .FILL x0000
(330F) 0000  0000000000000000 ( 405)                 .FILL x0000
(3310) 0000  0000000000000000 ( 405)                 .FILL x0000
(3311) 0000  0000000000000000 ( 405)                 .FILL x0000
(3312) 0000  0000000000000000 ( 405)                 .FILL x0000
(3313) 0000  0000000000000000 ( 405)                 .FILL x0000
(3314) 0000  0000000000000000 ( 405)                 .FILL x0000
(3315) 0000  0000000000000000 ( 405)                 .FILL x0000
(3316) 0000  0000000000000000 ( 405)                 .FILL x0000
(3317) 0000  0000000000000000 ( 405)                 .FILL x0000
(3318) 0000  0000000000000000 ( 405)                 .FILL x0000
(3319) 0000  0000000000000000 ( 405)                 .FILL x0000
(331A) 0000  0000000000000000 ( 405)                 .FILL x0000
(331B) 0000  0000000000000000 ( 405)                 .FILL x0000
(331C) 0000  0000000000000000 ( 405)                 .FILL x0000
(331D) 0000  0000000000000000 ( 405)                 .FILL x0000
(331E) 0000  0000000000000000 ( 405)                 .FILL x0000
(331F) 0000  0000000000000000 ( 405)                 .FILL x0000
(3320) 0000  0000000000000000 ( 405)                 .FILL x0000
(3321) 0000  0000000000000000 ( 405)                 .FILL x0000
(3322) 0000  0000000000000000 ( 405)                 .FILL x0000
(3323) 0000  0000000000000000 ( 405)                 .FILL x0000
(3324) 0000  0000000000000000 ( 405)                 .FILL x0000
(3325) 0000  0000000000000000 ( 405)                 .FILL x0000
(3326) 0000  0000000000000000 ( 405)                 .FILL x0000
(3327) 0000  0000000000000000 ( 405)                 .FILL x0000
(3328) 0000  0000000000000000 ( 405)                 .FILL x0000
(3329) 0000  0000000000000000 ( 405)                 .FILL x0000
(332A) 0000  0000000000000000 ( 405)                 .FILL x0000
(332B) 0000  0000000000000000 ( 405)                 .FILL x0000
(332C) 0000  0000000000000000 ( 405)                 .FILL x0000
(332D) 0000  0000000000000000 ( 405)                 .FILL x0000
(332E) 0000  0000000000000000 ( 405)                 .FILL x0000
(332F) 0000  0000000000000000 ( 405)                 .FILL x0000
(3330) 0000  0000000000000000 ( 405)                 .FILL x0000
(3331) 0000  0000000000000000 ( 405)                 .FILL x0000
(3332) 0000  0000000000000000 ( 405)                 .FILL x0000
(3333) 0000  0000000000000000 ( 405)                 .FILL x0000
(3334) 0000  0000000000000000 ( 405)                 .FILL x0000
(3335) 0000  0000000000000000 ( 405)                 .FILL x0000
(3336) 0000  0000000000000000 ( 405)                 .FILL x0000
(3337) 0000  0000000000000000 ( 405)                 .FILL x0000
(3338) 0000  0000000000000000 ( 405)                 .FILL x0000
(3339) 0000  0000000000000000 ( 405)                 .FILL x0000
(333A) 0000  0000000000000000 ( 405)                 .FILL x0000
(333B) 0000  0000000000000000 ( 405)                 .FILL x0000
(333C) 0000  0000000000000000 ( 405)                 .FILL x0000
(333D) 0000  0000000000000000 ( 405)                 .FILL x0000
(333E) 0000  0000000000000000 ( 405)                 .FILL x0000
(333F) 0000  0000000000000000 ( 405)                 .FILL x0000
(3340) 0000  0000000000000000 ( 405)                 .FILL x0000
